abr 11, 2017 7:09:57 AM org.apache.commons.httpclient.HttpMethodDirector executeWithRetry
INFORMACIÓN: I/O exception (java.net.ConnectException) caught when processing request: La red es inaccesible
abr 11, 2017 7:09:57 AM org.apache.commons.httpclient.HttpMethodDirector executeWithRetry
INFORMACIÓN: Retrying request
abr 11, 2017 7:09:57 AM org.apache.commons.httpclient.HttpMethodDirector executeWithRetry
INFORMACIÓN: I/O exception (java.net.ConnectException) caught when processing request: La red es inaccesible
abr 11, 2017 7:09:57 AM org.apache.commons.httpclient.HttpMethodDirector executeWithRetry
INFORMACIÓN: Retrying request
abr 11, 2017 7:09:57 AM org.apache.commons.httpclient.HttpMethodDirector executeWithRetry
INFORMACIÓN: I/O exception (java.net.ConnectException) caught when processing request: La red es inaccesible
abr 11, 2017 7:09:57 AM org.apache.commons.httpclient.HttpMethodDirector executeWithRetry
INFORMACIÓN: Retrying request
abr 11, 2017 8:59:43 AM org.apache.coyote.AbstractProtocol pause
INFORMACIÓN: Pausing ProtocolHandler ["http-bio-8080"]
abr 11, 2017 8:59:43 AM org.apache.coyote.AbstractProtocol pause
INFORMACIÓN: Pausing ProtocolHandler ["ajp-bio-8009"]
abr 11, 2017 8:59:43 AM org.apache.catalina.core.StandardService stopInternal
INFORMACIÓN: Parando servicio Catalina
abr 11, 2017 8:59:43 AM org.apache.openejb.assembler.classic.Assembler destroyApplication
INFORMACIÓN: Undeploying app: /home/gbuades/soffid-2.0/test/apache-tomee-jaxrs-1.7.4/webapps/host-manager
abr 11, 2017 8:59:44 AM org.apache.openejb.util.OptionsLog info
INFORMACIÓN: Using 'openjpa.Log=org.apache.openejb.openjpa.JULOpenJPALogFactory'
abr 11, 2017 8:59:44 AM org.apache.openejb.assembler.classic.Assembler destroyApplication
INFORMACIÓN: Undeployed app: /home/gbuades/soffid-2.0/test/apache-tomee-jaxrs-1.7.4/webapps/host-manager
abr 11, 2017 8:59:44 AM org.apache.openejb.assembler.classic.Assembler destroyApplication
INFORMACIÓN: Undeploying app: /home/gbuades/soffid-2.0/test/apache-tomee-jaxrs-1.7.4/webapps/manager
abr 11, 2017 8:59:44 AM org.apache.openejb.util.OptionsLog info
INFORMACIÓN: Using 'openjpa.Log=org.apache.openejb.openjpa.JULOpenJPALogFactory'
abr 11, 2017 8:59:44 AM org.apache.openejb.assembler.classic.Assembler destroyApplication
INFORMACIÓN: Undeployed app: /home/gbuades/soffid-2.0/test/apache-tomee-jaxrs-1.7.4/webapps/manager
abr 11, 2017 8:59:44 AM org.apache.openejb.assembler.classic.Assembler destroyApplication
INFORMACIÓN: Undeploying app: /home/gbuades/soffid-2.0/test/apache-tomee-jaxrs-1.7.4/webapps/docs
abr 11, 2017 8:59:45 AM org.apache.openejb.util.OptionsLog info
INFORMACIÓN: Using 'openjpa.Log=org.apache.openejb.openjpa.JULOpenJPALogFactory'
abr 11, 2017 8:59:45 AM org.apache.openejb.assembler.classic.Assembler destroyApplication
INFORMACIÓN: Undeployed app: /home/gbuades/soffid-2.0/test/apache-tomee-jaxrs-1.7.4/webapps/docs
abr 11, 2017 8:59:45 AM org.springframework.context.support.AbstractApplicationContext doClose
INFORMACIÓN: Closing WebApplicationContext for namespace 'saml-servlet': startup date [Mon Apr 10 21:44:25 CEST 2017]; parent: Root WebApplicationContext
abr 11, 2017 8:59:45 AM org.springframework.context.support.AbstractApplicationContext doClose
INFORMACIÓN: Closing Root WebApplicationContext: startup date [Mon Apr 10 21:44:20 CEST 2017]; root of context hierarchy
abr 11, 2017 8:59:46 AM org.apache.openejb.assembler.classic.Assembler destroyApplication
INFORMACIÓN: Undeploying app: /home/gbuades/soffid-2.0/test/apache-tomee-jaxrs-1.7.4/webapps/web-1.0.0-SNAPSHOT
abr 11, 2017 8:59:46 AM org.springframework.context.support.AbstractApplicationContext doClose
INFORMACIÓN: Closing org.springframework.context.support.ClassPathXmlApplicationContext@65554d5c: startup date [Mon Apr 10 21:44:30 CEST 2017]; root of context hierarchy
abr 11, 2017 8:59:46 AM org.springframework.context.support.DefaultLifecycleProcessor$LifecycleGroup stop
INFORMACIÓN: Stopping beans in phase 0
abr 11, 2017 8:59:46 AM org.springframework.context.support.AbstractApplicationContext doClose
INFORMACIÓN: Closing ApplicationContext 'beanRefFactory': startup date [Mon Apr 10 21:44:30 CEST 2017]; root of context hierarchy
abr 11, 2017 8:59:46 AM org.springframework.orm.hibernate3.AbstractSessionFactoryBean destroy
INFORMACIÓN: Closing Hibernate SessionFactory
abr 11, 2017 8:59:46 AM org.hibernate.impl.SessionFactoryImpl close
INFORMACIÓN: closing
abr 11, 2017 8:59:46 AM org.apache.openejb.util.OptionsLog info
INFORMACIÓN: Using 'openjpa.Log=org.apache.openejb.openjpa.JULOpenJPALogFactory'
abr 11, 2017 8:59:46 AM org.apache.openejb.assembler.classic.Assembler destroyApplication
INFORMACIÓN: Undeployed app: /home/gbuades/soffid-2.0/test/apache-tomee-jaxrs-1.7.4/webapps/web-1.0.0-SNAPSHOT
abr 11, 2017 8:59:46 AM org.apache.catalina.loader.WebappClassLoaderBase clearReferencesThreads
GRAVE: La aplicación web [/web-1.0.0-SNAPSHOT] parece haber arrancado un hilo llamado [SoffidIdentityGenerator] pero no ha podido pararlo. Esto tiene todas las papeletas de convertirse en un fallo de memoria.
abr 11, 2017 8:59:46 AM org.apache.catalina.loader.WebappClassLoaderBase checkThreadLocalMapForLeaks
GRAVE: La aplicación web [/web-1.0.0-SNAPSHOT] creó un ThreadLocal con clave del tipo [java.lang.ThreadLocal] (valor [java.lang.ThreadLocal@1b76abdb]) y un valor del tipo [org.zkoss.util.CacheMap] (valor [{}]) pero no pudo quitarlo cuando la aplicación web se paró. Los hilos se van a renovar con el tiempo para intentar evitar in posible fallo de memoria.
abr 11, 2017 8:59:46 AM org.apache.catalina.loader.WebappClassLoaderBase checkThreadLocalMapForLeaks
GRAVE: La aplicación web [/web-1.0.0-SNAPSHOT] creó un ThreadLocal con clave del tipo [java.lang.ThreadLocal] (valor [java.lang.ThreadLocal@1b76abdb]) y un valor del tipo [org.zkoss.util.CacheMap] (valor [{}]) pero no pudo quitarlo cuando la aplicación web se paró. Los hilos se van a renovar con el tiempo para intentar evitar in posible fallo de memoria.
abr 11, 2017 8:59:46 AM org.apache.coyote.AbstractProtocol stop
INFORMACIÓN: Stopping ProtocolHandler ["http-bio-8080"]
abr 11, 2017 8:59:46 AM org.apache.coyote.AbstractProtocol stop
INFORMACIÓN: Stopping ProtocolHandler ["ajp-bio-8009"]
abr 11, 2017 8:59:46 AM org.apache.openejb.server.SimpleServiceManager stop
INFORMACIÓN: Stopping server services
abr 11, 2017 8:59:46 AM org.apache.openejb.assembler.classic.Assembler destroyApplication
INFORMACIÓN: Undeploying app: openejb
abr 11, 2017 8:59:46 AM org.apache.openejb.util.OptionsLog info
INFORMACIÓN: Using 'openjpa.Log=org.apache.openejb.openjpa.JULOpenJPALogFactory'
abr 11, 2017 8:59:46 AM org.apache.openejb.assembler.classic.Assembler destroyApplication
INFORMACIÓN: Undeployed app: openejb
abr 11, 2017 8:59:46 AM org.apache.openejb.assembler.classic.Assembler destroyResource
INFORMACIÓN: Closing DataSource: soffid
abr 11, 2017 8:59:46 AM org.apache.openejb.assembler.classic.Assembler destroyResource
INFORMACIÓN: Closing DataSource: download
abr 11, 2017 8:59:46 AM org.apache.coyote.AbstractProtocol destroy
INFORMACIÓN: Destroying ProtocolHandler ["http-bio-8080"]
abr 11, 2017 8:59:46 AM org.apache.coyote.AbstractProtocol destroy
INFORMACIÓN: Destroying ProtocolHandler ["ajp-bio-8009"]
