may 15, 2017 12:49:35 AM org.zkoss.util.resource.impl.LabelLoader getLabels:170
INFORMACIÓN: Loading labels for es_ES
may 15, 2017 12:49:35 AM org.zkoss.util.resource.impl.LabelLoader getLabels:170
INFORMACIÓN: Loading labels for es
may 15, 2017 12:49:35 AM org.zkoss.util.resource.impl.LabelLoader load:212
INFORMACIÓN: Abriendo jar:file:/home/gbuades/soffid-2.0/test/apache-tomee-jaxrs-1.7.4/work/soffid/iam-ear.ear/iam-web-2.0.0-SNAPSHOT/WEB-INF/lib/zkiblaf-1.19.jar!/metainfo/i3-label_es.properties.
may 15, 2017 12:49:35 AM org.zkoss.util.resource.impl.LabelLoader load:212
INFORMACIÓN: Abriendo jndi:/$%7Bhostname%7D/WEB-INF/i3-label_es.properties.
may 15, 2017 12:49:35 AM org.zkoss.util.resource.impl.LabelLoader getLabels:170
INFORMACIÓN: Loading labels for en
may 15, 2017 12:49:35 AM org.zkoss.util.resource.impl.LabelLoader load:212
INFORMACIÓN: Abriendo jar:file:/home/gbuades/soffid-2.0/test/apache-tomee-jaxrs-1.7.4/work/soffid/iam-ear.ear/iam-web-2.0.0-SNAPSHOT/WEB-INF/lib/zkiblaf-1.19.jar!/metainfo/i3-label.properties.
may 15, 2017 12:49:35 AM org.zkoss.util.resource.impl.LabelLoader load:212
INFORMACIÓN: Abriendo jndi:/$%7Bhostname%7D/WEB-INF/i3-label.properties.
may 15, 2017 12:49:35 AM org.zkoss.util.resource.impl.LabelLoader getLabels:170
INFORMACIÓN: Loading labels for es_ES
may 15, 2017 12:49:35 AM org.zkoss.util.resource.impl.LabelLoader load:212
INFORMACIÓN: Abriendo file:/home/gbuades/soffid-2.0/test/apache-tomee-jaxrs-1.7.4/work/soffid/iam-ear.ear/iam-web-2.0.0-SNAPSHOT/WEB-INF/classes/iam-label_es.properties.
may 15, 2017 12:49:41 AM com.soffid.iam.tomcat.service.LoginServiceImpl authenticate
INFORMACIÓN: master\admin logging in
may 15, 2017 12:49:41 AM com.soffid.iam.utils.SoffidAuthorization getAtributXML
GRAVE: Error obteniendo atributo 'hereta' del fichero de autorizaciones
may 15, 2017 12:49:41 AM org.zkoss.util.resource.impl.LabelLoader getLabels:170
INFORMACIÓN: Loading labels for en
may 15, 2017 12:49:41 AM org.zkoss.util.resource.impl.LabelLoader load:212
INFORMACIÓN: Abriendo jar:file:/home/gbuades/soffid-2.0/test/apache-tomee-jaxrs-1.7.4/work/soffid/iam-ear.ear/iam-web-2.0.0-SNAPSHOT/WEB-INF/lib/zkiblaf-1.19.jar!/metainfo/i3-label.properties.
may 15, 2017 12:49:41 AM org.zkoss.util.resource.impl.LabelLoader load:212
INFORMACIÓN: Abriendo jndi:/$%7Bhostname%7D/WEB-INF/i3-label.properties.
may 15, 2017 12:49:41 AM org.zkoss.util.resource.impl.LabelLoader load:212
INFORMACIÓN: Abriendo file:/home/gbuades/soffid-2.0/test/apache-tomee-jaxrs-1.7.4/work/soffid/iam-ear.ear/iam-web-2.0.0-SNAPSHOT/WEB-INF/classes/iam-label.properties.
