dic 10, 2016 8:38:26 PM org.apache.catalina.core.ApplicationContext log
INFORMACIÓN: Destroying Spring FrameworkServlet 'saml'
dic 10, 2016 8:38:26 PM org.apache.catalina.core.ApplicationContext log
INFORMACIÓN: Closing Spring root WebApplicationContext
dic 10, 2016 8:38:32 PM org.apache.catalina.core.ApplicationContext log
INFORMACIÓN: No Spring WebApplicationInitializer types detected on classpath
dic 10, 2016 8:38:32 PM org.apache.catalina.core.ApplicationContext log
INFORMACIÓN: Initializing Spring root WebApplicationContext
dic 10, 2016 8:39:56 PM org.apache.catalina.core.ApplicationContext log
INFORMACIÓN: No Spring WebApplicationInitializer types detected on classpath
dic 10, 2016 8:39:56 PM org.apache.catalina.core.ApplicationContext log
INFORMACIÓN: Initializing Spring root WebApplicationContext
dic 10, 2016 8:40:03 PM org.apache.catalina.core.ApplicationContext log
INFORMACIÓN: Initializing Spring FrameworkServlet 'saml'
dic 10, 2016 8:46:44 PM org.apache.catalina.core.ApplicationContext log
INFORMACIÓN: Destroying Spring FrameworkServlet 'saml'
dic 10, 2016 8:46:44 PM org.apache.catalina.core.ApplicationContext log
INFORMACIÓN: Closing Spring root WebApplicationContext
dic 10, 2016 8:46:49 PM org.apache.catalina.core.ApplicationContext log
INFORMACIÓN: No Spring WebApplicationInitializer types detected on classpath
dic 10, 2016 8:46:49 PM org.apache.catalina.core.ApplicationContext log
INFORMACIÓN: Initializing Spring root WebApplicationContext
dic 10, 2016 8:46:56 PM org.apache.catalina.core.ApplicationContext log
INFORMACIÓN: Initializing Spring FrameworkServlet 'saml'
dic 10, 2016 9:00:47 PM org.apache.catalina.core.ApplicationContext log
INFORMACIÓN: Destroying Spring FrameworkServlet 'saml'
dic 10, 2016 9:00:47 PM org.apache.catalina.core.ApplicationContext log
INFORMACIÓN: Closing Spring root WebApplicationContext
dic 10, 2016 9:00:51 PM org.apache.catalina.core.ApplicationContext log
INFORMACIÓN: No Spring WebApplicationInitializer types detected on classpath
dic 10, 2016 9:00:51 PM org.apache.catalina.core.ApplicationContext log
INFORMACIÓN: Initializing Spring root WebApplicationContext
dic 10, 2016 9:00:57 PM org.apache.catalina.core.ApplicationContext log
INFORMACIÓN: Initializing Spring FrameworkServlet 'saml'
dic 10, 2016 9:03:57 PM org.apache.catalina.core.ApplicationContext log
INFORMACIÓN: Destroying Spring FrameworkServlet 'saml'
dic 10, 2016 9:03:57 PM org.apache.catalina.core.ApplicationContext log
INFORMACIÓN: Closing Spring root WebApplicationContext
dic 10, 2016 9:04:02 PM org.apache.catalina.core.ApplicationContext log
INFORMACIÓN: No Spring WebApplicationInitializer types detected on classpath
dic 10, 2016 9:04:02 PM org.apache.catalina.core.ApplicationContext log
INFORMACIÓN: Initializing Spring root WebApplicationContext
dic 10, 2016 9:04:08 PM org.apache.catalina.core.ApplicationContext log
INFORMACIÓN: Initializing Spring FrameworkServlet 'saml'
dic 10, 2016 9:12:28 PM org.apache.catalina.core.ApplicationContext log
INFORMACIÓN: Destroying Spring FrameworkServlet 'saml'
dic 10, 2016 9:12:28 PM org.apache.catalina.core.ApplicationContext log
INFORMACIÓN: Closing Spring root WebApplicationContext
dic 10, 2016 9:12:32 PM org.apache.catalina.core.ApplicationContext log
INFORMACIÓN: No Spring WebApplicationInitializer types detected on classpath
dic 10, 2016 9:12:32 PM org.apache.catalina.core.ApplicationContext log
INFORMACIÓN: Initializing Spring root WebApplicationContext
dic 10, 2016 9:12:40 PM org.apache.catalina.core.ApplicationContext log
INFORMACIÓN: Initializing Spring FrameworkServlet 'saml'
dic 10, 2016 10:01:07 PM org.apache.catalina.core.StandardWrapperValve invoke
GRAVE: Servlet.service() para servlet zkLoader lanzó excepción
org.zkoss.zk.ui.UiException: Sourced file: inline evaluation of: `` 										DataListener dl = event.getTarget(); 										String url = dl.getVal . . . '' : Error in method invocation: Method setHref( null ) not found in class'org.zkoss.zhtml.A' : at Line: 4 : in file: inline evaluation of: `` 										DataListener dl = event.getTarget(); 										String url = dl.getVal . . . '' : .setHref ( url ) 

	at sun.reflect.NativeConstructorAccessorImpl.newInstance0(Native Method)
	at sun.reflect.NativeConstructorAccessorImpl.newInstance(NativeConstructorAccessorImpl.java:57)
	at sun.reflect.DelegatingConstructorAccessorImpl.newInstance(DelegatingConstructorAccessorImpl.java:45)
	at java.lang.reflect.Constructor.newInstance(Constructor.java:526)
	at org.zkoss.lang.Classes.newInstance(Classes.java:78)
	at org.zkoss.lang.Exceptions.wrap(Exceptions.java:164)
	at org.zkoss.zk.ui.UiException$Aide.wrap(UiException.java:46)
	at org.zkoss.zk.scripting.bsh.BSHInterpreter.exec(BSHInterpreter.java:103)
	at org.zkoss.zk.scripting.util.GenericInterpreter.interpret(GenericInterpreter.java:292)
	at org.zkoss.zk.ui.impl.PageImpl.interpret(PageImpl.java:866)
	at org.zkoss.zk.ui.impl.EventProcessor.process0(EventProcessor.java:178)
	at org.zkoss.zk.ui.impl.EventProcessor.process(EventProcessor.java:143)
	at org.zkoss.zk.ui.impl.EventProcessingThreadImpl.process0(EventProcessingThreadImpl.java:485)
	at org.zkoss.zk.ui.impl.EventProcessingThreadImpl.run(EventProcessingThreadImpl.java:419)
Caused by: Sourced file: inline evaluation of: `` 										DataListener dl = event.getTarget(); 										String url = dl.getVal . . . '' : Error in method invocation: Method setHref( null ) not found in class'org.zkoss.zhtml.A' : at Line: 4 : in file: inline evaluation of: `` 										DataListener dl = event.getTarget(); 										String url = dl.getVal . . . '' : .setHref ( url ) 

	at bsh.BSHPrimarySuffix.doName(Unknown Source)
	at bsh.BSHPrimarySuffix.doSuffix(Unknown Source)
	at bsh.BSHPrimaryExpression.eval(Unknown Source)
	at bsh.BSHPrimaryExpression.eval(Unknown Source)
	at bsh.Interpreter.eval(Unknown Source)
	at bsh.Interpreter.eval(Unknown Source)
	at org.zkoss.zk.scripting.bsh.BSHInterpreter.exec(BSHInterpreter.java:100)
	... 6 more

dic 10, 2016 10:02:09 PM org.apache.catalina.core.StandardWrapperValve invoke
GRAVE: Servlet.service() para servlet zkLoader lanzó excepción
org.zkoss.zk.ui.UiException: Sourced file: inline evaluation of: `` 										DataListener dl = event.getTarget(); 										String url = dl.getVal . . . '' : Error in method invocation: Method setHref( null ) not found in class'org.zkoss.zhtml.A' : at Line: 4 : in file: inline evaluation of: `` 										DataListener dl = event.getTarget(); 										String url = dl.getVal . . . '' : .setHref ( url ) 

	at sun.reflect.NativeConstructorAccessorImpl.newInstance0(Native Method)
	at sun.reflect.NativeConstructorAccessorImpl.newInstance(NativeConstructorAccessorImpl.java:57)
	at sun.reflect.DelegatingConstructorAccessorImpl.newInstance(DelegatingConstructorAccessorImpl.java:45)
	at java.lang.reflect.Constructor.newInstance(Constructor.java:526)
	at org.zkoss.lang.Classes.newInstance(Classes.java:78)
	at org.zkoss.lang.Exceptions.wrap(Exceptions.java:164)
	at org.zkoss.zk.ui.UiException$Aide.wrap(UiException.java:46)
	at org.zkoss.zk.scripting.bsh.BSHInterpreter.exec(BSHInterpreter.java:103)
	at org.zkoss.zk.scripting.util.GenericInterpreter.interpret(GenericInterpreter.java:292)
	at org.zkoss.zk.ui.impl.PageImpl.interpret(PageImpl.java:866)
	at org.zkoss.zk.ui.impl.EventProcessor.process0(EventProcessor.java:178)
	at org.zkoss.zk.ui.impl.EventProcessor.process(EventProcessor.java:143)
	at org.zkoss.zk.ui.impl.EventProcessingThreadImpl.process0(EventProcessingThreadImpl.java:485)
	at org.zkoss.zk.ui.impl.EventProcessingThreadImpl.run(EventProcessingThreadImpl.java:419)
Caused by: Sourced file: inline evaluation of: `` 										DataListener dl = event.getTarget(); 										String url = dl.getVal . . . '' : Error in method invocation: Method setHref( null ) not found in class'org.zkoss.zhtml.A' : at Line: 4 : in file: inline evaluation of: `` 										DataListener dl = event.getTarget(); 										String url = dl.getVal . . . '' : .setHref ( url ) 

	at bsh.BSHPrimarySuffix.doName(Unknown Source)
	at bsh.BSHPrimarySuffix.doSuffix(Unknown Source)
	at bsh.BSHPrimaryExpression.eval(Unknown Source)
	at bsh.BSHPrimaryExpression.eval(Unknown Source)
	at bsh.Interpreter.eval(Unknown Source)
	at bsh.Interpreter.eval(Unknown Source)
	at org.zkoss.zk.scripting.bsh.BSHInterpreter.exec(BSHInterpreter.java:100)
	... 6 more

dic 10, 2016 10:03:38 PM org.apache.catalina.core.StandardWrapperValve invoke
GRAVE: Servlet.service() para servlet zkLoader lanzó excepción
org.zkoss.zk.ui.UiException: Sourced file: inline evaluation of: `` 										DataListener dl = event.getTarget(); 										String url = dl.getVal . . . '' : Error in method invocation: Method setDinamycProperty( java.lang.String, null ) not found in class'org.zkoss.zhtml.A' : at Line: 4 : in file: inline evaluation of: `` 										DataListener dl = event.getTarget(); 										String url = dl.getVal . . . '' : .setDinamycProperty ( "href" , url ) 

	at sun.reflect.NativeConstructorAccessorImpl.newInstance0(Native Method)
	at sun.reflect.NativeConstructorAccessorImpl.newInstance(NativeConstructorAccessorImpl.java:57)
	at sun.reflect.DelegatingConstructorAccessorImpl.newInstance(DelegatingConstructorAccessorImpl.java:45)
	at java.lang.reflect.Constructor.newInstance(Constructor.java:526)
	at org.zkoss.lang.Classes.newInstance(Classes.java:78)
	at org.zkoss.lang.Exceptions.wrap(Exceptions.java:164)
	at org.zkoss.zk.ui.UiException$Aide.wrap(UiException.java:46)
	at org.zkoss.zk.scripting.bsh.BSHInterpreter.exec(BSHInterpreter.java:103)
	at org.zkoss.zk.scripting.util.GenericInterpreter.interpret(GenericInterpreter.java:292)
	at org.zkoss.zk.ui.impl.PageImpl.interpret(PageImpl.java:866)
	at org.zkoss.zk.ui.impl.EventProcessor.process0(EventProcessor.java:178)
	at org.zkoss.zk.ui.impl.EventProcessor.process(EventProcessor.java:143)
	at org.zkoss.zk.ui.impl.EventProcessingThreadImpl.process0(EventProcessingThreadImpl.java:485)
	at org.zkoss.zk.ui.impl.EventProcessingThreadImpl.run(EventProcessingThreadImpl.java:419)
Caused by: Sourced file: inline evaluation of: `` 										DataListener dl = event.getTarget(); 										String url = dl.getVal . . . '' : Error in method invocation: Method setDinamycProperty( java.lang.String, null ) not found in class'org.zkoss.zhtml.A' : at Line: 4 : in file: inline evaluation of: `` 										DataListener dl = event.getTarget(); 										String url = dl.getVal . . . '' : .setDinamycProperty ( "href" , url ) 

	at bsh.BSHPrimarySuffix.doName(Unknown Source)
	at bsh.BSHPrimarySuffix.doSuffix(Unknown Source)
	at bsh.BSHPrimaryExpression.eval(Unknown Source)
	at bsh.BSHPrimaryExpression.eval(Unknown Source)
	at bsh.Interpreter.eval(Unknown Source)
	at bsh.Interpreter.eval(Unknown Source)
	at org.zkoss.zk.scripting.bsh.BSHInterpreter.exec(BSHInterpreter.java:100)
	... 6 more

dic 10, 2016 10:21:55 PM org.apache.catalina.core.StandardWrapperValve invoke
GRAVE: Servlet.service() para servlet zkLoader lanzó excepción
org.zkoss.zk.ui.metainfo.PropertyNotFoundException: Method, setDisplay, not found for class com.soffid.download.web.zk.Template
	at org.zkoss.zk.ui.metainfo.Property.resolve(Property.java:120)
	at org.zkoss.zk.ui.metainfo.Property.assign(Property.java:152)
	at org.zkoss.zk.ui.metainfo.ComponentInfo.applyProperties(ComponentInfo.java:644)
	at org.zkoss.zk.ui.impl.AbstractUiFactory.newComponent(AbstractUiFactory.java:95)
	at org.zkoss.zk.ui.impl.UiEngineImpl.execCreateChild0(UiEngineImpl.java:537)
	at org.zkoss.zk.ui.impl.UiEngineImpl.execCreateChild(UiEngineImpl.java:520)
	at org.zkoss.zk.ui.impl.UiEngineImpl.execCreate0(UiEngineImpl.java:481)
	at org.zkoss.zk.ui.impl.UiEngineImpl.execCreate(UiEngineImpl.java:465)
	at org.zkoss.zk.ui.impl.UiEngineImpl.execCreateChild0(UiEngineImpl.java:546)
	at org.zkoss.zk.ui.impl.UiEngineImpl.execCreateChild(UiEngineImpl.java:520)
	at org.zkoss.zk.ui.impl.UiEngineImpl.execCreate0(UiEngineImpl.java:481)
	at org.zkoss.zk.ui.impl.UiEngineImpl.execCreate(UiEngineImpl.java:465)
	at org.zkoss.zk.ui.impl.UiEngineImpl.execCreateChild0(UiEngineImpl.java:546)
	at org.zkoss.zk.ui.impl.UiEngineImpl.execCreateChild(UiEngineImpl.java:520)
	at org.zkoss.zk.ui.impl.UiEngineImpl.execCreate0(UiEngineImpl.java:481)
	at org.zkoss.zk.ui.impl.UiEngineImpl.execCreate(UiEngineImpl.java:465)
	at org.zkoss.zk.ui.impl.UiEngineImpl.execCreateChild0(UiEngineImpl.java:546)
	at org.zkoss.zk.ui.impl.UiEngineImpl.execCreateChild(UiEngineImpl.java:520)
	at org.zkoss.zk.ui.impl.UiEngineImpl.execCreate0(UiEngineImpl.java:481)
	at org.zkoss.zk.ui.impl.UiEngineImpl.execCreate(UiEngineImpl.java:465)
	at org.zkoss.zk.ui.impl.UiEngineImpl.execCreateChild0(UiEngineImpl.java:546)
	at org.zkoss.zk.ui.impl.UiEngineImpl.execCreateChild(UiEngineImpl.java:520)
	at org.zkoss.zk.ui.impl.UiEngineImpl.execCreate0(UiEngineImpl.java:481)
	at org.zkoss.zk.ui.impl.UiEngineImpl.execCreate(UiEngineImpl.java:465)
	at org.zkoss.zk.ui.impl.UiEngineImpl.execCreateChild0(UiEngineImpl.java:546)
	at org.zkoss.zk.ui.impl.UiEngineImpl.execCreateChild(UiEngineImpl.java:520)
	at org.zkoss.zk.ui.impl.UiEngineImpl.execCreate0(UiEngineImpl.java:481)
	at org.zkoss.zk.ui.impl.UiEngineImpl.execCreate(UiEngineImpl.java:465)
	at org.zkoss.zk.ui.impl.UiEngineImpl.execCreateChild0(UiEngineImpl.java:546)
	at org.zkoss.zk.ui.impl.UiEngineImpl.execCreateChild(UiEngineImpl.java:520)
	at org.zkoss.zk.ui.impl.UiEngineImpl.execCreate0(UiEngineImpl.java:481)
	at org.zkoss.zk.ui.impl.UiEngineImpl.execCreate(UiEngineImpl.java:465)
	at org.zkoss.zk.ui.impl.UiEngineImpl.execCreateChild0(UiEngineImpl.java:546)
	at org.zkoss.zk.ui.impl.UiEngineImpl.execCreateChild(UiEngineImpl.java:520)
	at org.zkoss.zk.ui.impl.UiEngineImpl.execCreate0(UiEngineImpl.java:481)
	at org.zkoss.zk.ui.impl.UiEngineImpl.execCreate(UiEngineImpl.java:465)
	at org.zkoss.zk.ui.impl.UiEngineImpl.execCreateChild0(UiEngineImpl.java:546)
	at org.zkoss.zk.ui.impl.UiEngineImpl.execCreateChild(UiEngineImpl.java:520)
	at org.zkoss.zk.ui.impl.UiEngineImpl.execCreate0(UiEngineImpl.java:481)
	at org.zkoss.zk.ui.impl.UiEngineImpl.execCreate(UiEngineImpl.java:465)
	at org.zkoss.zk.ui.impl.UiEngineImpl.execCreateChild0(UiEngineImpl.java:546)
	at org.zkoss.zk.ui.impl.UiEngineImpl.execCreateChild(UiEngineImpl.java:520)
	at org.zkoss.zk.ui.impl.UiEngineImpl.execCreate0(UiEngineImpl.java:481)
	at org.zkoss.zk.ui.impl.UiEngineImpl.execCreate(UiEngineImpl.java:465)
	at org.zkoss.zk.ui.impl.UiEngineImpl.execCreateChild0(UiEngineImpl.java:546)
	at org.zkoss.zk.ui.impl.UiEngineImpl.execCreateChild(UiEngineImpl.java:520)
	at org.zkoss.zk.ui.impl.UiEngineImpl.execCreate0(UiEngineImpl.java:481)
	at org.zkoss.zk.ui.impl.UiEngineImpl.execCreate(UiEngineImpl.java:465)
	at org.zkoss.zk.ui.impl.UiEngineImpl.execNewPage0(UiEngineImpl.java:359)
	at org.zkoss.zk.ui.impl.UiEngineImpl.execNewPage(UiEngineImpl.java:292)
	at org.zkoss.zk.ui.http.DHtmlLayoutServlet.process(DHtmlLayoutServlet.java:230)
	at org.zkoss.zk.ui.http.DHtmlLayoutServlet.doGet(DHtmlLayoutServlet.java:167)
	at javax.servlet.http.HttpServlet.service(HttpServlet.java:624)
	at javax.servlet.http.HttpServlet.service(HttpServlet.java:731)
	at sun.reflect.GeneratedMethodAccessor123.invoke(Unknown Source)
	at sun.reflect.DelegatingMethodAccessorImpl.invoke(DelegatingMethodAccessorImpl.java:43)
	at java.lang.reflect.Method.invoke(Method.java:606)
	at org.apache.catalina.security.SecurityUtil$1.run(SecurityUtil.java:288)
	at org.apache.catalina.security.SecurityUtil$1.run(SecurityUtil.java:285)
	at java.security.AccessController.doPrivileged(Native Method)
	at javax.security.auth.Subject.doAsPrivileged(Subject.java:536)
	at org.apache.catalina.security.SecurityUtil.execute(SecurityUtil.java:320)
	at org.apache.catalina.security.SecurityUtil.doAsPrivilege(SecurityUtil.java:175)
	at org.apache.catalina.core.ApplicationFilterChain.internalDoFilter(ApplicationFilterChain.java:297)
	at org.apache.catalina.core.ApplicationFilterChain.access$000(ApplicationFilterChain.java:55)
	at org.apache.catalina.core.ApplicationFilterChain$1.run(ApplicationFilterChain.java:191)
	at org.apache.catalina.core.ApplicationFilterChain$1.run(ApplicationFilterChain.java:187)
	at java.security.AccessController.doPrivileged(Native Method)
	at org.apache.catalina.core.ApplicationFilterChain.doFilter(ApplicationFilterChain.java:186)
	at org.apache.tomcat.websocket.server.WsFilter.doFilter(WsFilter.java:52)
	at sun.reflect.GeneratedMethodAccessor121.invoke(Unknown Source)
	at sun.reflect.DelegatingMethodAccessorImpl.invoke(DelegatingMethodAccessorImpl.java:43)
	at java.lang.reflect.Method.invoke(Method.java:606)
	at org.apache.catalina.security.SecurityUtil$1.run(SecurityUtil.java:288)
	at org.apache.catalina.security.SecurityUtil$1.run(SecurityUtil.java:285)
	at java.security.AccessController.doPrivileged(Native Method)
	at javax.security.auth.Subject.doAsPrivileged(Subject.java:536)
	at org.apache.catalina.security.SecurityUtil.execute(SecurityUtil.java:320)
	at org.apache.catalina.security.SecurityUtil.doAsPrivilege(SecurityUtil.java:260)
	at org.apache.catalina.core.ApplicationFilterChain.internalDoFilter(ApplicationFilterChain.java:237)
	at org.apache.catalina.core.ApplicationFilterChain.access$000(ApplicationFilterChain.java:55)
	at org.apache.catalina.core.ApplicationFilterChain$1.run(ApplicationFilterChain.java:191)
	at org.apache.catalina.core.ApplicationFilterChain$1.run(ApplicationFilterChain.java:187)
	at java.security.AccessController.doPrivileged(Native Method)
	at org.apache.catalina.core.ApplicationFilterChain.doFilter(ApplicationFilterChain.java:186)
	at org.springframework.security.web.FilterChainProxy$VirtualFilterChain.doFilter(FilterChainProxy.java:330)
	at org.springframework.security.web.access.intercept.FilterSecurityInterceptor.invoke(FilterSecurityInterceptor.java:118)
	at org.springframework.security.web.access.intercept.FilterSecurityInterceptor.doFilter(FilterSecurityInterceptor.java:84)
	at org.springframework.security.web.FilterChainProxy$VirtualFilterChain.doFilter(FilterChainProxy.java:342)
	at org.springframework.security.web.access.ExceptionTranslationFilter.doFilter(ExceptionTranslationFilter.java:113)
	at org.springframework.security.web.FilterChainProxy$VirtualFilterChain.doFilter(FilterChainProxy.java:342)
	at org.springframework.security.web.session.SessionManagementFilter.doFilter(SessionManagementFilter.java:103)
	at org.springframework.security.web.FilterChainProxy$VirtualFilterChain.doFilter(FilterChainProxy.java:342)
	at org.springframework.security.web.authentication.AnonymousAuthenticationFilter.doFilter(AnonymousAuthenticationFilter.java:113)
	at org.springframework.security.web.FilterChainProxy$VirtualFilterChain.doFilter(FilterChainProxy.java:342)
	at org.springframework.security.web.servletapi.SecurityContextHolderAwareRequestFilter.doFilter(SecurityContextHolderAwareRequestFilter.java:54)
	at org.springframework.security.web.FilterChainProxy$VirtualFilterChain.doFilter(FilterChainProxy.java:342)
	at org.springframework.security.web.savedrequest.RequestCacheAwareFilter.doFilter(RequestCacheAwareFilter.java:45)
	at org.springframework.security.web.FilterChainProxy$VirtualFilterChain.doFilter(FilterChainProxy.java:342)
	at org.springframework.security.web.FilterChainProxy.doFilterInternal(FilterChainProxy.java:186)
	at org.springframework.security.web.FilterChainProxy.doFilter(FilterChainProxy.java:166)
	at org.springframework.security.web.FilterChainProxy$VirtualFilterChain.doFilter(FilterChainProxy.java:342)
	at org.springframework.security.web.context.SecurityContextPersistenceFilter.doFilter(SecurityContextPersistenceFilter.java:87)
	at org.springframework.security.web.FilterChainProxy$VirtualFilterChain.doFilter(FilterChainProxy.java:342)
	at org.springframework.security.saml.metadata.MetadataGeneratorFilter.doFilter(MetadataGeneratorFilter.java:87)
	at org.springframework.security.web.FilterChainProxy$VirtualFilterChain.doFilter(FilterChainProxy.java:342)
	at org.springframework.security.web.FilterChainProxy.doFilterInternal(FilterChainProxy.java:192)
	at org.springframework.security.web.FilterChainProxy.doFilter(FilterChainProxy.java:160)
	at org.springframework.web.filter.DelegatingFilterProxy.invokeDelegate(DelegatingFilterProxy.java:346)
	at org.springframework.web.filter.DelegatingFilterProxy.doFilter(DelegatingFilterProxy.java:262)
	at sun.reflect.GeneratedMethodAccessor121.invoke(Unknown Source)
	at sun.reflect.DelegatingMethodAccessorImpl.invoke(DelegatingMethodAccessorImpl.java:43)
	at java.lang.reflect.Method.invoke(Method.java:606)
	at org.apache.catalina.security.SecurityUtil$1.run(SecurityUtil.java:288)
	at org.apache.catalina.security.SecurityUtil$1.run(SecurityUtil.java:285)
	at java.security.AccessController.doPrivileged(Native Method)
	at javax.security.auth.Subject.doAsPrivileged(Subject.java:536)
	at org.apache.catalina.security.SecurityUtil.execute(SecurityUtil.java:320)
	at org.apache.catalina.security.SecurityUtil.doAsPrivilege(SecurityUtil.java:260)
	at org.apache.catalina.core.ApplicationFilterChain.internalDoFilter(ApplicationFilterChain.java:237)
	at org.apache.catalina.core.ApplicationFilterChain.access$000(ApplicationFilterChain.java:55)
	at org.apache.catalina.core.ApplicationFilterChain$1.run(ApplicationFilterChain.java:191)
	at org.apache.catalina.core.ApplicationFilterChain$1.run(ApplicationFilterChain.java:187)
	at java.security.AccessController.doPrivileged(Native Method)
	at org.apache.catalina.core.ApplicationFilterChain.doFilter(ApplicationFilterChain.java:186)
	at org.apache.catalina.core.StandardWrapperValve.invoke(StandardWrapperValve.java:220)
	at org.apache.catalina.core.StandardContextValve.invoke(StandardContextValve.java:122)
	at org.apache.tomee.catalina.OpenEJBValve.invoke(OpenEJBValve.java:44)
	at org.apache.catalina.authenticator.AuthenticatorBase.invoke(AuthenticatorBase.java:505)
	at org.apache.catalina.core.StandardHostValve.invoke(StandardHostValve.java:169)
	at org.apache.catalina.valves.ErrorReportValve.invoke(ErrorReportValve.java:103)
	at org.apache.catalina.valves.AccessLogValve.invoke(AccessLogValve.java:956)
	at org.apache.catalina.core.StandardEngineValve.invoke(StandardEngineValve.java:116)
	at org.apache.catalina.connector.CoyoteAdapter.service(CoyoteAdapter.java:436)
	at org.apache.coyote.http11.AbstractHttp11Processor.process(AbstractHttp11Processor.java:1078)
	at org.apache.coyote.AbstractProtocol$AbstractConnectionHandler.process(AbstractProtocol.java:625)
	at org.apache.tomcat.util.net.JIoEndpoint$SocketProcessor.run(JIoEndpoint.java:316)
	at java.util.concurrent.ThreadPoolExecutor.runWorker(ThreadPoolExecutor.java:1145)
	at java.util.concurrent.ThreadPoolExecutor$Worker.run(ThreadPoolExecutor.java:615)
	at org.apache.tomcat.util.threads.TaskThread$WrappingRunnable.run(TaskThread.java:61)
	at java.lang.Thread.run(Thread.java:745)

dic 10, 2016 10:35:09 PM org.apache.catalina.core.ApplicationContext log
INFORMACIÓN: Destroying Spring FrameworkServlet 'saml'
dic 10, 2016 10:35:09 PM org.apache.catalina.core.ApplicationContext log
INFORMACIÓN: Closing Spring root WebApplicationContext
dic 10, 2016 10:35:20 PM org.apache.catalina.core.ApplicationContext log
INFORMACIÓN: No Spring WebApplicationInitializer types detected on classpath
dic 10, 2016 10:35:20 PM org.apache.catalina.core.ApplicationContext log
INFORMACIÓN: Initializing Spring root WebApplicationContext
dic 10, 2016 10:38:33 PM org.apache.catalina.core.ApplicationContext log
INFORMACIÓN: No Spring WebApplicationInitializer types detected on classpath
dic 10, 2016 10:38:33 PM org.apache.catalina.core.ApplicationContext log
INFORMACIÓN: Initializing Spring root WebApplicationContext
dic 10, 2016 10:38:40 PM org.apache.catalina.core.ApplicationContext log
INFORMACIÓN: Initializing Spring FrameworkServlet 'saml'
dic 10, 2016 10:38:55 PM org.apache.catalina.core.StandardWrapperValve invoke
GRAVE: Servlet.service() para servlet zkLoader lanzó excepción
org.zkoss.zk.ui.UiException: Sourced file: inline evaluation of: `` 													String v = event.getTarget().getValue(); 													getParent(). . . . '' : Command not found: getParent() : at Line: 3 : in file: inline evaluation of: `` 													String v = event.getTarget().getValue(); 													getParent(). . . . '' : getParent ( ) 

	at sun.reflect.NativeConstructorAccessorImpl.newInstance0(Native Method)
	at sun.reflect.NativeConstructorAccessorImpl.newInstance(NativeConstructorAccessorImpl.java:57)
	at sun.reflect.DelegatingConstructorAccessorImpl.newInstance(DelegatingConstructorAccessorImpl.java:45)
	at java.lang.reflect.Constructor.newInstance(Constructor.java:526)
	at org.zkoss.lang.Classes.newInstance(Classes.java:78)
	at org.zkoss.lang.Exceptions.wrap(Exceptions.java:164)
	at org.zkoss.zk.ui.UiException$Aide.wrap(UiException.java:46)
	at org.zkoss.zk.scripting.bsh.BSHInterpreter.exec(BSHInterpreter.java:103)
	at org.zkoss.zk.scripting.util.GenericInterpreter.interpret(GenericInterpreter.java:292)
	at org.zkoss.zk.ui.impl.PageImpl.interpret(PageImpl.java:866)
	at org.zkoss.zk.ui.impl.EventProcessor.process0(EventProcessor.java:178)
	at org.zkoss.zk.ui.impl.EventProcessor.process(EventProcessor.java:143)
	at org.zkoss.zk.ui.impl.EventProcessingThreadImpl.process0(EventProcessingThreadImpl.java:485)
	at org.zkoss.zk.ui.impl.EventProcessingThreadImpl.run(EventProcessingThreadImpl.java:419)
Caused by: Sourced file: inline evaluation of: `` 													String v = event.getTarget().getValue(); 													getParent(). . . . '' : Command not found: getParent() : at Line: 3 : in file: inline evaluation of: `` 													String v = event.getTarget().getValue(); 													getParent(). . . . '' : getParent ( ) 

	at bsh.Name.invokeLocalMethod(Unknown Source)
	at bsh.Name.invokeMethod(Unknown Source)
	at bsh.BSHMethodInvocation.eval(Unknown Source)
	at bsh.BSHPrimarySuffix.doSuffix(Unknown Source)
	at bsh.BSHPrimaryExpression.eval(Unknown Source)
	at bsh.BSHPrimaryExpression.eval(Unknown Source)
	at bsh.Interpreter.eval(Unknown Source)
	at bsh.Interpreter.eval(Unknown Source)
	at org.zkoss.zk.scripting.bsh.BSHInterpreter.exec(BSHInterpreter.java:100)
	... 6 more

dic 10, 2016 11:16:03 PM org.apache.catalina.core.ApplicationContext log
INFORMACIÓN: Destroying Spring FrameworkServlet 'saml'
dic 10, 2016 11:16:03 PM org.apache.catalina.core.ApplicationContext log
INFORMACIÓN: Closing Spring root WebApplicationContext
dic 10, 2016 11:16:14 PM org.apache.catalina.core.ApplicationContext log
INFORMACIÓN: No Spring WebApplicationInitializer types detected on classpath
dic 10, 2016 11:16:14 PM org.apache.catalina.core.ApplicationContext log
INFORMACIÓN: Initializing Spring root WebApplicationContext
dic 10, 2016 11:16:22 PM org.apache.catalina.core.ApplicationContext log
INFORMACIÓN: Initializing Spring FrameworkServlet 'saml'
dic 10, 2016 11:20:07 PM org.apache.catalina.core.StandardWrapperValve invoke
GRAVE: Servlet.service() para servlet zkLoader lanzó excepción
java.lang.ClassCastException: Cannot cast es.caib.zkib.component.DataListener to com.soffid.download.api.Component
	at bsh.Types.castError(Unknown Source)
	at bsh.Types.castError(Unknown Source)
	at bsh.Types.castObject(Unknown Source)
	at bsh.Types.castObject(Unknown Source)
	at bsh.Variable.setValue(Unknown Source)
	at bsh.Variable.<init>(Unknown Source)
	at bsh.NameSpace.setTypedVariable(Unknown Source)
	at bsh.BSHTypedVariableDeclaration.eval(Unknown Source)
	at bsh.Interpreter.eval(Unknown Source)
	at bsh.Interpreter.eval(Unknown Source)
	at org.zkoss.zk.scripting.bsh.BSHInterpreter.exec(BSHInterpreter.java:100)
	at org.zkoss.zk.scripting.util.GenericInterpreter.interpret(GenericInterpreter.java:292)
	at org.zkoss.zk.ui.impl.PageImpl.interpret(PageImpl.java:866)
	at org.zkoss.zk.ui.impl.EventProcessor.process0(EventProcessor.java:178)
	at org.zkoss.zk.ui.impl.EventProcessor.process(EventProcessor.java:143)
	at org.zkoss.zk.ui.impl.EventProcessingThreadImpl.process0(EventProcessingThreadImpl.java:485)
	at org.zkoss.zk.ui.impl.EventProcessingThreadImpl.run(EventProcessingThreadImpl.java:419)

dic 10, 2016 11:20:38 PM org.apache.catalina.core.StandardWrapperValve invoke
GRAVE: Servlet.service() para servlet zkLoader lanzó excepción
java.lang.NullPointerException: Null Pointer in Method Invocation
	at bsh.Name.invokeMethod(Unknown Source)
	at bsh.BSHMethodInvocation.eval(Unknown Source)
	at bsh.BSHPrimaryExpression.eval(Unknown Source)
	at bsh.BSHPrimaryExpression.eval(Unknown Source)
	at bsh.BSHBinaryExpression.eval(Unknown Source)
	at bsh.BSHBinaryExpression.eval(Unknown Source)
	at bsh.BSHBinaryExpression.eval(Unknown Source)
	at bsh.BSHVariableDeclarator.eval(Unknown Source)
	at bsh.BSHTypedVariableDeclaration.eval(Unknown Source)
	at bsh.Interpreter.eval(Unknown Source)
	at bsh.Interpreter.eval(Unknown Source)
	at org.zkoss.zk.scripting.bsh.BSHInterpreter.exec(BSHInterpreter.java:100)
	at org.zkoss.zk.scripting.util.GenericInterpreter.interpret(GenericInterpreter.java:292)
	at org.zkoss.zk.ui.impl.PageImpl.interpret(PageImpl.java:866)
	at org.zkoss.zk.ui.impl.EventProcessor.process0(EventProcessor.java:178)
	at org.zkoss.zk.ui.impl.EventProcessor.process(EventProcessor.java:143)
	at org.zkoss.zk.ui.impl.EventProcessingThreadImpl.process0(EventProcessingThreadImpl.java:485)
	at org.zkoss.zk.ui.impl.EventProcessingThreadImpl.run(EventProcessingThreadImpl.java:419)

