mar 20, 2017 10:27:14 PM org.apache.catalina.core.ApplicationContext log
INFORMACIÓN: No Spring WebApplicationInitializer types detected on classpath
mar 20, 2017 10:27:14 PM org.apache.catalina.core.ApplicationContext log
INFORMACIÓN: Initializing Spring root WebApplicationContext
mar 20, 2017 10:27:37 PM org.apache.catalina.core.ApplicationContext log
INFORMACIÓN: Initializing Spring FrameworkServlet 'saml'
mar 20, 2017 10:35:49 PM org.apache.catalina.core.ApplicationContext log
INFORMACIÓN: Destroying Spring FrameworkServlet 'saml'
mar 20, 2017 10:35:49 PM org.apache.catalina.core.ApplicationContext log
INFORMACIÓN: Closing Spring root WebApplicationContext
mar 20, 2017 10:35:55 PM org.apache.catalina.core.ApplicationContext log
INFORMACIÓN: No Spring WebApplicationInitializer types detected on classpath
mar 20, 2017 10:35:55 PM org.apache.catalina.core.ApplicationContext log
INFORMACIÓN: Initializing Spring root WebApplicationContext
mar 20, 2017 10:36:02 PM org.apache.catalina.core.ApplicationContext log
INFORMACIÓN: Initializing Spring FrameworkServlet 'saml'
mar 20, 2017 10:36:15 PM org.apache.catalina.core.StandardWrapperValve invoke
GRAVE: Servlet.service() para servlet zkLoader lanzó excepción
java.lang.NullPointerException
	at es.caib.zkib.zkiblaf.Application.getStack(Application.java:43)
	at es.caib.zkib.zkiblaf.Application.registerPage(Application.java:25)
	at es.caib.zkib.zkiblaf.Frame$1.onEvent(Frame.java:22)
	at org.zkoss.zk.ui.impl.EventProcessor.process0(EventProcessor.java:199)
	at org.zkoss.zk.ui.impl.EventProcessor.process(EventProcessor.java:143)
	at org.zkoss.zk.ui.impl.EventProcessingThreadImpl.process0(EventProcessingThreadImpl.java:485)
	at org.zkoss.zk.ui.impl.EventProcessingThreadImpl.run(EventProcessingThreadImpl.java:419)

mar 20, 2017 10:38:32 PM org.apache.catalina.core.ApplicationContext log
INFORMACIÓN: Destroying Spring FrameworkServlet 'saml'
mar 20, 2017 10:38:32 PM org.apache.catalina.core.ApplicationContext log
INFORMACIÓN: Closing Spring root WebApplicationContext
mar 20, 2017 10:38:37 PM org.apache.catalina.core.ApplicationContext log
INFORMACIÓN: No Spring WebApplicationInitializer types detected on classpath
mar 20, 2017 10:38:37 PM org.apache.catalina.core.ApplicationContext log
INFORMACIÓN: Initializing Spring root WebApplicationContext
mar 20, 2017 10:38:44 PM org.apache.catalina.core.ApplicationContext log
INFORMACIÓN: Initializing Spring FrameworkServlet 'saml'
mar 20, 2017 10:40:34 PM org.apache.catalina.core.ApplicationContext log
INFORMACIÓN: Destroying Spring FrameworkServlet 'saml'
mar 20, 2017 10:40:34 PM org.apache.catalina.core.ApplicationContext log
INFORMACIÓN: Closing Spring root WebApplicationContext
mar 20, 2017 10:40:39 PM org.apache.catalina.core.ApplicationContext log
INFORMACIÓN: No Spring WebApplicationInitializer types detected on classpath
mar 20, 2017 10:40:39 PM org.apache.catalina.core.ApplicationContext log
INFORMACIÓN: Initializing Spring root WebApplicationContext
mar 20, 2017 10:40:47 PM org.apache.catalina.core.ApplicationContext log
INFORMACIÓN: Initializing Spring FrameworkServlet 'saml'
mar 20, 2017 10:41:47 PM org.apache.catalina.core.ApplicationContext log
INFORMACIÓN: Destroying Spring FrameworkServlet 'saml'
mar 20, 2017 10:41:47 PM org.apache.catalina.core.ApplicationContext log
INFORMACIÓN: Closing Spring root WebApplicationContext
mar 20, 2017 10:41:52 PM org.apache.catalina.core.ApplicationContext log
INFORMACIÓN: No Spring WebApplicationInitializer types detected on classpath
mar 20, 2017 10:41:52 PM org.apache.catalina.core.ApplicationContext log
INFORMACIÓN: Initializing Spring root WebApplicationContext
mar 20, 2017 10:42:00 PM org.apache.catalina.core.ApplicationContext log
INFORMACIÓN: Initializing Spring FrameworkServlet 'saml'
mar 20, 2017 10:42:03 PM org.apache.catalina.core.StandardWrapperValve invoke
GRAVE: Servlet.service() para servlet zkLoader lanzó excepción
org.zkoss.zk.ui.UiException: Page not found: /wf/menu.zul
	at org.zkoss.zk.ui.http.ExecutionImpl.getPageDefinition(ExecutionImpl.java:337)
	at org.zkoss.zk.ui.impl.AbstractExecution.createComponents(AbstractExecution.java:180)
	at org.zkoss.zk.ui.Executions.createComponents(Executions.java:142)
	at sun.reflect.NativeMethodAccessorImpl.invoke0(Native Method)
	at sun.reflect.NativeMethodAccessorImpl.invoke(NativeMethodAccessorImpl.java:57)
	at sun.reflect.DelegatingMethodAccessorImpl.invoke(DelegatingMethodAccessorImpl.java:43)
	at java.lang.reflect.Method.invoke(Method.java:606)
	at bsh.Reflect.invokeMethod(Unknown Source)
	at bsh.Reflect.invokeStaticMethod(Unknown Source)
	at bsh.Name.invokeMethod(Unknown Source)
	at bsh.BSHMethodInvocation.eval(Unknown Source)
	at bsh.BSHPrimaryExpression.eval(Unknown Source)
	at bsh.BSHPrimaryExpression.eval(Unknown Source)
	at bsh.BSHVariableDeclarator.eval(Unknown Source)
	at bsh.BSHTypedVariableDeclaration.eval(Unknown Source)
	at bsh.BSHBlock.evalBlock(Unknown Source)
	at bsh.BSHBlock.eval(Unknown Source)
	at bsh.BSHBlock.eval(Unknown Source)
	at bsh.BSHIfStatement.eval(Unknown Source)
	at bsh.Interpreter.eval(Unknown Source)
	at bsh.Interpreter.eval(Unknown Source)
	at org.zkoss.zk.scripting.bsh.BSHInterpreter.exec(BSHInterpreter.java:100)
	at org.zkoss.zk.scripting.util.GenericInterpreter.interpret(GenericInterpreter.java:292)
	at org.zkoss.zk.ui.impl.PageImpl.interpret(PageImpl.java:866)
	at org.zkoss.zk.ui.impl.UiEngineImpl.execNonComponent(UiEngineImpl.java:608)
	at org.zkoss.zk.ui.impl.UiEngineImpl.execCreate0(UiEngineImpl.java:503)
	at org.zkoss.zk.ui.impl.UiEngineImpl.execCreate(UiEngineImpl.java:465)
	at org.zkoss.zk.ui.impl.UiEngineImpl.execCreateChild0(UiEngineImpl.java:546)
	at org.zkoss.zk.ui.impl.UiEngineImpl.execCreateChild(UiEngineImpl.java:520)
	at org.zkoss.zk.ui.impl.UiEngineImpl.execCreate0(UiEngineImpl.java:481)
	at org.zkoss.zk.ui.impl.UiEngineImpl.execCreate(UiEngineImpl.java:465)
	at org.zkoss.zk.ui.impl.UiEngineImpl.execNewPage0(UiEngineImpl.java:359)
	at org.zkoss.zk.ui.impl.UiEngineImpl.execNewPage(UiEngineImpl.java:292)
	at org.zkoss.zk.ui.http.DHtmlLayoutServlet.process(DHtmlLayoutServlet.java:230)
	at org.zkoss.zk.ui.http.DHtmlLayoutServlet.doGet(DHtmlLayoutServlet.java:167)
	at javax.servlet.http.HttpServlet.service(HttpServlet.java:624)
	at javax.servlet.http.HttpServlet.service(HttpServlet.java:731)
	at sun.reflect.GeneratedMethodAccessor125.invoke(Unknown Source)
	at sun.reflect.DelegatingMethodAccessorImpl.invoke(DelegatingMethodAccessorImpl.java:43)
	at java.lang.reflect.Method.invoke(Method.java:606)
	at org.apache.catalina.security.SecurityUtil$1.run(SecurityUtil.java:288)
	at org.apache.catalina.security.SecurityUtil$1.run(SecurityUtil.java:285)
	at java.security.AccessController.doPrivileged(Native Method)
	at javax.security.auth.Subject.doAsPrivileged(Subject.java:536)
	at org.apache.catalina.security.SecurityUtil.execute(SecurityUtil.java:320)
	at org.apache.catalina.security.SecurityUtil.doAsPrivilege(SecurityUtil.java:175)
	at org.apache.catalina.core.ApplicationFilterChain.internalDoFilter(ApplicationFilterChain.java:297)
	at org.apache.catalina.core.ApplicationFilterChain.access$000(ApplicationFilterChain.java:55)
	at org.apache.catalina.core.ApplicationFilterChain$1.run(ApplicationFilterChain.java:191)
	at org.apache.catalina.core.ApplicationFilterChain$1.run(ApplicationFilterChain.java:187)
	at java.security.AccessController.doPrivileged(Native Method)
	at org.apache.catalina.core.ApplicationFilterChain.doFilter(ApplicationFilterChain.java:186)
	at org.apache.tomcat.websocket.server.WsFilter.doFilter(WsFilter.java:52)
	at sun.reflect.GeneratedMethodAccessor124.invoke(Unknown Source)
	at sun.reflect.DelegatingMethodAccessorImpl.invoke(DelegatingMethodAccessorImpl.java:43)
	at java.lang.reflect.Method.invoke(Method.java:606)
	at org.apache.catalina.security.SecurityUtil$1.run(SecurityUtil.java:288)
	at org.apache.catalina.security.SecurityUtil$1.run(SecurityUtil.java:285)
	at java.security.AccessController.doPrivileged(Native Method)
	at javax.security.auth.Subject.doAsPrivileged(Subject.java:536)
	at org.apache.catalina.security.SecurityUtil.execute(SecurityUtil.java:320)
	at org.apache.catalina.security.SecurityUtil.doAsPrivilege(SecurityUtil.java:260)
	at org.apache.catalina.core.ApplicationFilterChain.internalDoFilter(ApplicationFilterChain.java:237)
	at org.apache.catalina.core.ApplicationFilterChain.access$000(ApplicationFilterChain.java:55)
	at org.apache.catalina.core.ApplicationFilterChain$1.run(ApplicationFilterChain.java:191)
	at org.apache.catalina.core.ApplicationFilterChain$1.run(ApplicationFilterChain.java:187)
	at java.security.AccessController.doPrivileged(Native Method)
	at org.apache.catalina.core.ApplicationFilterChain.doFilter(ApplicationFilterChain.java:186)
	at org.springframework.security.web.FilterChainProxy$VirtualFilterChain.doFilter(FilterChainProxy.java:330)
	at org.springframework.security.web.access.intercept.FilterSecurityInterceptor.invoke(FilterSecurityInterceptor.java:118)
	at org.springframework.security.web.access.intercept.FilterSecurityInterceptor.doFilter(FilterSecurityInterceptor.java:84)
	at org.springframework.security.web.FilterChainProxy$VirtualFilterChain.doFilter(FilterChainProxy.java:342)
	at org.springframework.security.web.access.ExceptionTranslationFilter.doFilter(ExceptionTranslationFilter.java:113)
	at org.springframework.security.web.FilterChainProxy$VirtualFilterChain.doFilter(FilterChainProxy.java:342)
	at org.springframework.security.web.session.SessionManagementFilter.doFilter(SessionManagementFilter.java:103)
	at org.springframework.security.web.FilterChainProxy$VirtualFilterChain.doFilter(FilterChainProxy.java:342)
	at org.springframework.security.web.authentication.AnonymousAuthenticationFilter.doFilter(AnonymousAuthenticationFilter.java:113)
	at org.springframework.security.web.FilterChainProxy$VirtualFilterChain.doFilter(FilterChainProxy.java:342)
	at org.springframework.security.web.servletapi.SecurityContextHolderAwareRequestFilter.doFilter(SecurityContextHolderAwareRequestFilter.java:54)
	at org.springframework.security.web.FilterChainProxy$VirtualFilterChain.doFilter(FilterChainProxy.java:342)
	at org.springframework.security.web.savedrequest.RequestCacheAwareFilter.doFilter(RequestCacheAwareFilter.java:45)
	at org.springframework.security.web.FilterChainProxy$VirtualFilterChain.doFilter(FilterChainProxy.java:342)
	at org.springframework.security.web.FilterChainProxy.doFilterInternal(FilterChainProxy.java:186)
	at org.springframework.security.web.FilterChainProxy.doFilter(FilterChainProxy.java:166)
	at org.springframework.security.web.FilterChainProxy$VirtualFilterChain.doFilter(FilterChainProxy.java:342)
	at org.springframework.security.web.context.SecurityContextPersistenceFilter.doFilter(SecurityContextPersistenceFilter.java:87)
	at org.springframework.security.web.FilterChainProxy$VirtualFilterChain.doFilter(FilterChainProxy.java:342)
	at org.springframework.security.saml.metadata.MetadataGeneratorFilter.doFilter(MetadataGeneratorFilter.java:87)
	at org.springframework.security.web.FilterChainProxy$VirtualFilterChain.doFilter(FilterChainProxy.java:342)
	at org.springframework.security.web.FilterChainProxy.doFilterInternal(FilterChainProxy.java:192)
	at org.springframework.security.web.FilterChainProxy.doFilter(FilterChainProxy.java:160)
	at org.springframework.web.filter.DelegatingFilterProxy.invokeDelegate(DelegatingFilterProxy.java:346)
	at org.springframework.web.filter.DelegatingFilterProxy.doFilter(DelegatingFilterProxy.java:262)
	at sun.reflect.GeneratedMethodAccessor124.invoke(Unknown Source)
	at sun.reflect.DelegatingMethodAccessorImpl.invoke(DelegatingMethodAccessorImpl.java:43)
	at java.lang.reflect.Method.invoke(Method.java:606)
	at org.apache.catalina.security.SecurityUtil$1.run(SecurityUtil.java:288)
	at org.apache.catalina.security.SecurityUtil$1.run(SecurityUtil.java:285)
	at java.security.AccessController.doPrivileged(Native Method)
	at javax.security.auth.Subject.doAsPrivileged(Subject.java:536)
	at org.apache.catalina.security.SecurityUtil.execute(SecurityUtil.java:320)
	at org.apache.catalina.security.SecurityUtil.doAsPrivilege(SecurityUtil.java:260)
	at org.apache.catalina.core.ApplicationFilterChain.internalDoFilter(ApplicationFilterChain.java:237)
	at org.apache.catalina.core.ApplicationFilterChain.access$000(ApplicationFilterChain.java:55)
	at org.apache.catalina.core.ApplicationFilterChain$1.run(ApplicationFilterChain.java:191)
	at org.apache.catalina.core.ApplicationFilterChain$1.run(ApplicationFilterChain.java:187)
	at java.security.AccessController.doPrivileged(Native Method)
	at org.apache.catalina.core.ApplicationFilterChain.doFilter(ApplicationFilterChain.java:186)
	at org.apache.catalina.core.StandardWrapperValve.invoke(StandardWrapperValve.java:220)
	at org.apache.catalina.core.StandardContextValve.invoke(StandardContextValve.java:122)
	at org.apache.tomee.catalina.OpenEJBValve.invoke(OpenEJBValve.java:44)
	at org.apache.catalina.authenticator.AuthenticatorBase.invoke(AuthenticatorBase.java:505)
	at org.apache.catalina.core.StandardHostValve.invoke(StandardHostValve.java:169)
	at org.apache.catalina.valves.ErrorReportValve.invoke(ErrorReportValve.java:103)
	at org.apache.catalina.valves.AccessLogValve.invoke(AccessLogValve.java:956)
	at org.apache.catalina.core.StandardEngineValve.invoke(StandardEngineValve.java:116)
	at org.apache.catalina.connector.CoyoteAdapter.service(CoyoteAdapter.java:436)
	at org.apache.coyote.http11.AbstractHttp11Processor.process(AbstractHttp11Processor.java:1078)
	at org.apache.coyote.AbstractProtocol$AbstractConnectionHandler.process(AbstractProtocol.java:625)
	at org.apache.tomcat.util.net.JIoEndpoint$SocketProcessor.run(JIoEndpoint.java:318)
	at java.util.concurrent.ThreadPoolExecutor.runWorker(ThreadPoolExecutor.java:1145)
	at java.util.concurrent.ThreadPoolExecutor$Worker.run(ThreadPoolExecutor.java:615)
	at org.apache.tomcat.util.threads.TaskThread$WrappingRunnable.run(TaskThread.java:61)
	at java.lang.Thread.run(Thread.java:745)

mar 20, 2017 10:42:05 PM org.apache.catalina.core.StandardWrapperValve invoke
GRAVE: Servlet.service() para servlet zkLoader lanzó excepción
org.zkoss.zk.ui.UiException: Page not found: /wf/menu.zul
	at org.zkoss.zk.ui.http.ExecutionImpl.getPageDefinition(ExecutionImpl.java:337)
	at org.zkoss.zk.ui.impl.AbstractExecution.createComponents(AbstractExecution.java:180)
	at org.zkoss.zk.ui.Executions.createComponents(Executions.java:142)
	at sun.reflect.NativeMethodAccessorImpl.invoke0(Native Method)
	at sun.reflect.NativeMethodAccessorImpl.invoke(NativeMethodAccessorImpl.java:57)
	at sun.reflect.DelegatingMethodAccessorImpl.invoke(DelegatingMethodAccessorImpl.java:43)
	at java.lang.reflect.Method.invoke(Method.java:606)
	at bsh.Reflect.invokeMethod(Unknown Source)
	at bsh.Reflect.invokeStaticMethod(Unknown Source)
	at bsh.Name.invokeMethod(Unknown Source)
	at bsh.BSHMethodInvocation.eval(Unknown Source)
	at bsh.BSHPrimaryExpression.eval(Unknown Source)
	at bsh.BSHPrimaryExpression.eval(Unknown Source)
	at bsh.BSHVariableDeclarator.eval(Unknown Source)
	at bsh.BSHTypedVariableDeclaration.eval(Unknown Source)
	at bsh.BSHBlock.evalBlock(Unknown Source)
	at bsh.BSHBlock.eval(Unknown Source)
	at bsh.BSHBlock.eval(Unknown Source)
	at bsh.BSHIfStatement.eval(Unknown Source)
	at bsh.Interpreter.eval(Unknown Source)
	at bsh.Interpreter.eval(Unknown Source)
	at org.zkoss.zk.scripting.bsh.BSHInterpreter.exec(BSHInterpreter.java:100)
	at org.zkoss.zk.scripting.util.GenericInterpreter.interpret(GenericInterpreter.java:292)
	at org.zkoss.zk.ui.impl.PageImpl.interpret(PageImpl.java:866)
	at org.zkoss.zk.ui.impl.UiEngineImpl.execNonComponent(UiEngineImpl.java:608)
	at org.zkoss.zk.ui.impl.UiEngineImpl.execCreate0(UiEngineImpl.java:503)
	at org.zkoss.zk.ui.impl.UiEngineImpl.execCreate(UiEngineImpl.java:465)
	at org.zkoss.zk.ui.impl.UiEngineImpl.execCreateChild0(UiEngineImpl.java:546)
	at org.zkoss.zk.ui.impl.UiEngineImpl.execCreateChild(UiEngineImpl.java:520)
	at org.zkoss.zk.ui.impl.UiEngineImpl.execCreate0(UiEngineImpl.java:481)
	at org.zkoss.zk.ui.impl.UiEngineImpl.execCreate(UiEngineImpl.java:465)
	at org.zkoss.zk.ui.impl.UiEngineImpl.execNewPage0(UiEngineImpl.java:359)
	at org.zkoss.zk.ui.impl.UiEngineImpl.execNewPage(UiEngineImpl.java:292)
	at org.zkoss.zk.ui.http.DHtmlLayoutServlet.process(DHtmlLayoutServlet.java:230)
	at org.zkoss.zk.ui.http.DHtmlLayoutServlet.doGet(DHtmlLayoutServlet.java:167)
	at javax.servlet.http.HttpServlet.service(HttpServlet.java:624)
	at javax.servlet.http.HttpServlet.service(HttpServlet.java:731)
	at sun.reflect.GeneratedMethodAccessor125.invoke(Unknown Source)
	at sun.reflect.DelegatingMethodAccessorImpl.invoke(DelegatingMethodAccessorImpl.java:43)
	at java.lang.reflect.Method.invoke(Method.java:606)
	at org.apache.catalina.security.SecurityUtil$1.run(SecurityUtil.java:288)
	at org.apache.catalina.security.SecurityUtil$1.run(SecurityUtil.java:285)
	at java.security.AccessController.doPrivileged(Native Method)
	at javax.security.auth.Subject.doAsPrivileged(Subject.java:536)
	at org.apache.catalina.security.SecurityUtil.execute(SecurityUtil.java:320)
	at org.apache.catalina.security.SecurityUtil.doAsPrivilege(SecurityUtil.java:175)
	at org.apache.catalina.core.ApplicationFilterChain.internalDoFilter(ApplicationFilterChain.java:297)
	at org.apache.catalina.core.ApplicationFilterChain.access$000(ApplicationFilterChain.java:55)
	at org.apache.catalina.core.ApplicationFilterChain$1.run(ApplicationFilterChain.java:191)
	at org.apache.catalina.core.ApplicationFilterChain$1.run(ApplicationFilterChain.java:187)
	at java.security.AccessController.doPrivileged(Native Method)
	at org.apache.catalina.core.ApplicationFilterChain.doFilter(ApplicationFilterChain.java:186)
	at org.apache.tomcat.websocket.server.WsFilter.doFilter(WsFilter.java:52)
	at sun.reflect.GeneratedMethodAccessor124.invoke(Unknown Source)
	at sun.reflect.DelegatingMethodAccessorImpl.invoke(DelegatingMethodAccessorImpl.java:43)
	at java.lang.reflect.Method.invoke(Method.java:606)
	at org.apache.catalina.security.SecurityUtil$1.run(SecurityUtil.java:288)
	at org.apache.catalina.security.SecurityUtil$1.run(SecurityUtil.java:285)
	at java.security.AccessController.doPrivileged(Native Method)
	at javax.security.auth.Subject.doAsPrivileged(Subject.java:536)
	at org.apache.catalina.security.SecurityUtil.execute(SecurityUtil.java:320)
	at org.apache.catalina.security.SecurityUtil.doAsPrivilege(SecurityUtil.java:260)
	at org.apache.catalina.core.ApplicationFilterChain.internalDoFilter(ApplicationFilterChain.java:237)
	at org.apache.catalina.core.ApplicationFilterChain.access$000(ApplicationFilterChain.java:55)
	at org.apache.catalina.core.ApplicationFilterChain$1.run(ApplicationFilterChain.java:191)
	at org.apache.catalina.core.ApplicationFilterChain$1.run(ApplicationFilterChain.java:187)
	at java.security.AccessController.doPrivileged(Native Method)
	at org.apache.catalina.core.ApplicationFilterChain.doFilter(ApplicationFilterChain.java:186)
	at org.springframework.security.web.FilterChainProxy$VirtualFilterChain.doFilter(FilterChainProxy.java:330)
	at org.springframework.security.web.access.intercept.FilterSecurityInterceptor.invoke(FilterSecurityInterceptor.java:118)
	at org.springframework.security.web.access.intercept.FilterSecurityInterceptor.doFilter(FilterSecurityInterceptor.java:84)
	at org.springframework.security.web.FilterChainProxy$VirtualFilterChain.doFilter(FilterChainProxy.java:342)
	at org.springframework.security.web.access.ExceptionTranslationFilter.doFilter(ExceptionTranslationFilter.java:113)
	at org.springframework.security.web.FilterChainProxy$VirtualFilterChain.doFilter(FilterChainProxy.java:342)
	at org.springframework.security.web.session.SessionManagementFilter.doFilter(SessionManagementFilter.java:103)
	at org.springframework.security.web.FilterChainProxy$VirtualFilterChain.doFilter(FilterChainProxy.java:342)
	at org.springframework.security.web.authentication.AnonymousAuthenticationFilter.doFilter(AnonymousAuthenticationFilter.java:113)
	at org.springframework.security.web.FilterChainProxy$VirtualFilterChain.doFilter(FilterChainProxy.java:342)
	at org.springframework.security.web.servletapi.SecurityContextHolderAwareRequestFilter.doFilter(SecurityContextHolderAwareRequestFilter.java:54)
	at org.springframework.security.web.FilterChainProxy$VirtualFilterChain.doFilter(FilterChainProxy.java:342)
	at org.springframework.security.web.savedrequest.RequestCacheAwareFilter.doFilter(RequestCacheAwareFilter.java:45)
	at org.springframework.security.web.FilterChainProxy$VirtualFilterChain.doFilter(FilterChainProxy.java:342)
	at org.springframework.security.web.FilterChainProxy.doFilterInternal(FilterChainProxy.java:186)
	at org.springframework.security.web.FilterChainProxy.doFilter(FilterChainProxy.java:166)
	at org.springframework.security.web.FilterChainProxy$VirtualFilterChain.doFilter(FilterChainProxy.java:342)
	at org.springframework.security.web.context.SecurityContextPersistenceFilter.doFilter(SecurityContextPersistenceFilter.java:87)
	at org.springframework.security.web.FilterChainProxy$VirtualFilterChain.doFilter(FilterChainProxy.java:342)
	at org.springframework.security.saml.metadata.MetadataGeneratorFilter.doFilter(MetadataGeneratorFilter.java:87)
	at org.springframework.security.web.FilterChainProxy$VirtualFilterChain.doFilter(FilterChainProxy.java:342)
	at org.springframework.security.web.FilterChainProxy.doFilterInternal(FilterChainProxy.java:192)
	at org.springframework.security.web.FilterChainProxy.doFilter(FilterChainProxy.java:160)
	at org.springframework.web.filter.DelegatingFilterProxy.invokeDelegate(DelegatingFilterProxy.java:346)
	at org.springframework.web.filter.DelegatingFilterProxy.doFilter(DelegatingFilterProxy.java:262)
	at sun.reflect.GeneratedMethodAccessor124.invoke(Unknown Source)
	at sun.reflect.DelegatingMethodAccessorImpl.invoke(DelegatingMethodAccessorImpl.java:43)
	at java.lang.reflect.Method.invoke(Method.java:606)
	at org.apache.catalina.security.SecurityUtil$1.run(SecurityUtil.java:288)
	at org.apache.catalina.security.SecurityUtil$1.run(SecurityUtil.java:285)
	at java.security.AccessController.doPrivileged(Native Method)
	at javax.security.auth.Subject.doAsPrivileged(Subject.java:536)
	at org.apache.catalina.security.SecurityUtil.execute(SecurityUtil.java:320)
	at org.apache.catalina.security.SecurityUtil.doAsPrivilege(SecurityUtil.java:260)
	at org.apache.catalina.core.ApplicationFilterChain.internalDoFilter(ApplicationFilterChain.java:237)
	at org.apache.catalina.core.ApplicationFilterChain.access$000(ApplicationFilterChain.java:55)
	at org.apache.catalina.core.ApplicationFilterChain$1.run(ApplicationFilterChain.java:191)
	at org.apache.catalina.core.ApplicationFilterChain$1.run(ApplicationFilterChain.java:187)
	at java.security.AccessController.doPrivileged(Native Method)
	at org.apache.catalina.core.ApplicationFilterChain.doFilter(ApplicationFilterChain.java:186)
	at org.apache.catalina.core.StandardWrapperValve.invoke(StandardWrapperValve.java:220)
	at org.apache.catalina.core.StandardContextValve.invoke(StandardContextValve.java:122)
	at org.apache.tomee.catalina.OpenEJBValve.invoke(OpenEJBValve.java:44)
	at org.apache.catalina.authenticator.AuthenticatorBase.invoke(AuthenticatorBase.java:505)
	at org.apache.catalina.core.StandardHostValve.invoke(StandardHostValve.java:169)
	at org.apache.catalina.valves.ErrorReportValve.invoke(ErrorReportValve.java:103)
	at org.apache.catalina.valves.AccessLogValve.invoke(AccessLogValve.java:956)
	at org.apache.catalina.core.StandardEngineValve.invoke(StandardEngineValve.java:116)
	at org.apache.catalina.connector.CoyoteAdapter.service(CoyoteAdapter.java:436)
	at org.apache.coyote.http11.AbstractHttp11Processor.process(AbstractHttp11Processor.java:1078)
	at org.apache.coyote.AbstractProtocol$AbstractConnectionHandler.process(AbstractProtocol.java:625)
	at org.apache.tomcat.util.net.JIoEndpoint$SocketProcessor.run(JIoEndpoint.java:318)
	at java.util.concurrent.ThreadPoolExecutor.runWorker(ThreadPoolExecutor.java:1145)
	at java.util.concurrent.ThreadPoolExecutor$Worker.run(ThreadPoolExecutor.java:615)
	at org.apache.tomcat.util.threads.TaskThread$WrappingRunnable.run(TaskThread.java:61)
	at java.lang.Thread.run(Thread.java:745)

mar 20, 2017 10:42:06 PM org.apache.catalina.core.StandardWrapperValve invoke
GRAVE: Servlet.service() para servlet zkLoader lanzó excepción
org.zkoss.zk.ui.UiException: Page not found: /wf/menu.zul
	at org.zkoss.zk.ui.http.ExecutionImpl.getPageDefinition(ExecutionImpl.java:337)
	at org.zkoss.zk.ui.impl.AbstractExecution.createComponents(AbstractExecution.java:180)
	at org.zkoss.zk.ui.Executions.createComponents(Executions.java:142)
	at sun.reflect.NativeMethodAccessorImpl.invoke0(Native Method)
	at sun.reflect.NativeMethodAccessorImpl.invoke(NativeMethodAccessorImpl.java:57)
	at sun.reflect.DelegatingMethodAccessorImpl.invoke(DelegatingMethodAccessorImpl.java:43)
	at java.lang.reflect.Method.invoke(Method.java:606)
	at bsh.Reflect.invokeMethod(Unknown Source)
	at bsh.Reflect.invokeStaticMethod(Unknown Source)
	at bsh.Name.invokeMethod(Unknown Source)
	at bsh.BSHMethodInvocation.eval(Unknown Source)
	at bsh.BSHPrimaryExpression.eval(Unknown Source)
	at bsh.BSHPrimaryExpression.eval(Unknown Source)
	at bsh.BSHVariableDeclarator.eval(Unknown Source)
	at bsh.BSHTypedVariableDeclaration.eval(Unknown Source)
	at bsh.BSHBlock.evalBlock(Unknown Source)
	at bsh.BSHBlock.eval(Unknown Source)
	at bsh.BSHBlock.eval(Unknown Source)
	at bsh.BSHIfStatement.eval(Unknown Source)
	at bsh.Interpreter.eval(Unknown Source)
	at bsh.Interpreter.eval(Unknown Source)
	at org.zkoss.zk.scripting.bsh.BSHInterpreter.exec(BSHInterpreter.java:100)
	at org.zkoss.zk.scripting.util.GenericInterpreter.interpret(GenericInterpreter.java:292)
	at org.zkoss.zk.ui.impl.PageImpl.interpret(PageImpl.java:866)
	at org.zkoss.zk.ui.impl.UiEngineImpl.execNonComponent(UiEngineImpl.java:608)
	at org.zkoss.zk.ui.impl.UiEngineImpl.execCreate0(UiEngineImpl.java:503)
	at org.zkoss.zk.ui.impl.UiEngineImpl.execCreate(UiEngineImpl.java:465)
	at org.zkoss.zk.ui.impl.UiEngineImpl.execCreateChild0(UiEngineImpl.java:546)
	at org.zkoss.zk.ui.impl.UiEngineImpl.execCreateChild(UiEngineImpl.java:520)
	at org.zkoss.zk.ui.impl.UiEngineImpl.execCreate0(UiEngineImpl.java:481)
	at org.zkoss.zk.ui.impl.UiEngineImpl.execCreate(UiEngineImpl.java:465)
	at org.zkoss.zk.ui.impl.UiEngineImpl.execNewPage0(UiEngineImpl.java:359)
	at org.zkoss.zk.ui.impl.UiEngineImpl.execNewPage(UiEngineImpl.java:292)
	at org.zkoss.zk.ui.http.DHtmlLayoutServlet.process(DHtmlLayoutServlet.java:230)
	at org.zkoss.zk.ui.http.DHtmlLayoutServlet.doGet(DHtmlLayoutServlet.java:167)
	at javax.servlet.http.HttpServlet.service(HttpServlet.java:624)
	at javax.servlet.http.HttpServlet.service(HttpServlet.java:731)
	at sun.reflect.GeneratedMethodAccessor125.invoke(Unknown Source)
	at sun.reflect.DelegatingMethodAccessorImpl.invoke(DelegatingMethodAccessorImpl.java:43)
	at java.lang.reflect.Method.invoke(Method.java:606)
	at org.apache.catalina.security.SecurityUtil$1.run(SecurityUtil.java:288)
	at org.apache.catalina.security.SecurityUtil$1.run(SecurityUtil.java:285)
	at java.security.AccessController.doPrivileged(Native Method)
	at javax.security.auth.Subject.doAsPrivileged(Subject.java:536)
	at org.apache.catalina.security.SecurityUtil.execute(SecurityUtil.java:320)
	at org.apache.catalina.security.SecurityUtil.doAsPrivilege(SecurityUtil.java:175)
	at org.apache.catalina.core.ApplicationFilterChain.internalDoFilter(ApplicationFilterChain.java:297)
	at org.apache.catalina.core.ApplicationFilterChain.access$000(ApplicationFilterChain.java:55)
	at org.apache.catalina.core.ApplicationFilterChain$1.run(ApplicationFilterChain.java:191)
	at org.apache.catalina.core.ApplicationFilterChain$1.run(ApplicationFilterChain.java:187)
	at java.security.AccessController.doPrivileged(Native Method)
	at org.apache.catalina.core.ApplicationFilterChain.doFilter(ApplicationFilterChain.java:186)
	at org.apache.tomcat.websocket.server.WsFilter.doFilter(WsFilter.java:52)
	at sun.reflect.GeneratedMethodAccessor124.invoke(Unknown Source)
	at sun.reflect.DelegatingMethodAccessorImpl.invoke(DelegatingMethodAccessorImpl.java:43)
	at java.lang.reflect.Method.invoke(Method.java:606)
	at org.apache.catalina.security.SecurityUtil$1.run(SecurityUtil.java:288)
	at org.apache.catalina.security.SecurityUtil$1.run(SecurityUtil.java:285)
	at java.security.AccessController.doPrivileged(Native Method)
	at javax.security.auth.Subject.doAsPrivileged(Subject.java:536)
	at org.apache.catalina.security.SecurityUtil.execute(SecurityUtil.java:320)
	at org.apache.catalina.security.SecurityUtil.doAsPrivilege(SecurityUtil.java:260)
	at org.apache.catalina.core.ApplicationFilterChain.internalDoFilter(ApplicationFilterChain.java:237)
	at org.apache.catalina.core.ApplicationFilterChain.access$000(ApplicationFilterChain.java:55)
	at org.apache.catalina.core.ApplicationFilterChain$1.run(ApplicationFilterChain.java:191)
	at org.apache.catalina.core.ApplicationFilterChain$1.run(ApplicationFilterChain.java:187)
	at java.security.AccessController.doPrivileged(Native Method)
	at org.apache.catalina.core.ApplicationFilterChain.doFilter(ApplicationFilterChain.java:186)
	at org.springframework.security.web.FilterChainProxy$VirtualFilterChain.doFilter(FilterChainProxy.java:330)
	at org.springframework.security.web.access.intercept.FilterSecurityInterceptor.invoke(FilterSecurityInterceptor.java:118)
	at org.springframework.security.web.access.intercept.FilterSecurityInterceptor.doFilter(FilterSecurityInterceptor.java:84)
	at org.springframework.security.web.FilterChainProxy$VirtualFilterChain.doFilter(FilterChainProxy.java:342)
	at org.springframework.security.web.access.ExceptionTranslationFilter.doFilter(ExceptionTranslationFilter.java:113)
	at org.springframework.security.web.FilterChainProxy$VirtualFilterChain.doFilter(FilterChainProxy.java:342)
	at org.springframework.security.web.session.SessionManagementFilter.doFilter(SessionManagementFilter.java:103)
	at org.springframework.security.web.FilterChainProxy$VirtualFilterChain.doFilter(FilterChainProxy.java:342)
	at org.springframework.security.web.authentication.AnonymousAuthenticationFilter.doFilter(AnonymousAuthenticationFilter.java:113)
	at org.springframework.security.web.FilterChainProxy$VirtualFilterChain.doFilter(FilterChainProxy.java:342)
	at org.springframework.security.web.servletapi.SecurityContextHolderAwareRequestFilter.doFilter(SecurityContextHolderAwareRequestFilter.java:54)
	at org.springframework.security.web.FilterChainProxy$VirtualFilterChain.doFilter(FilterChainProxy.java:342)
	at org.springframework.security.web.savedrequest.RequestCacheAwareFilter.doFilter(RequestCacheAwareFilter.java:45)
	at org.springframework.security.web.FilterChainProxy$VirtualFilterChain.doFilter(FilterChainProxy.java:342)
	at org.springframework.security.web.FilterChainProxy.doFilterInternal(FilterChainProxy.java:186)
	at org.springframework.security.web.FilterChainProxy.doFilter(FilterChainProxy.java:166)
	at org.springframework.security.web.FilterChainProxy$VirtualFilterChain.doFilter(FilterChainProxy.java:342)
	at org.springframework.security.web.context.SecurityContextPersistenceFilter.doFilter(SecurityContextPersistenceFilter.java:87)
	at org.springframework.security.web.FilterChainProxy$VirtualFilterChain.doFilter(FilterChainProxy.java:342)
	at org.springframework.security.saml.metadata.MetadataGeneratorFilter.doFilter(MetadataGeneratorFilter.java:87)
	at org.springframework.security.web.FilterChainProxy$VirtualFilterChain.doFilter(FilterChainProxy.java:342)
	at org.springframework.security.web.FilterChainProxy.doFilterInternal(FilterChainProxy.java:192)
	at org.springframework.security.web.FilterChainProxy.doFilter(FilterChainProxy.java:160)
	at org.springframework.web.filter.DelegatingFilterProxy.invokeDelegate(DelegatingFilterProxy.java:346)
	at org.springframework.web.filter.DelegatingFilterProxy.doFilter(DelegatingFilterProxy.java:262)
	at sun.reflect.GeneratedMethodAccessor124.invoke(Unknown Source)
	at sun.reflect.DelegatingMethodAccessorImpl.invoke(DelegatingMethodAccessorImpl.java:43)
	at java.lang.reflect.Method.invoke(Method.java:606)
	at org.apache.catalina.security.SecurityUtil$1.run(SecurityUtil.java:288)
	at org.apache.catalina.security.SecurityUtil$1.run(SecurityUtil.java:285)
	at java.security.AccessController.doPrivileged(Native Method)
	at javax.security.auth.Subject.doAsPrivileged(Subject.java:536)
	at org.apache.catalina.security.SecurityUtil.execute(SecurityUtil.java:320)
	at org.apache.catalina.security.SecurityUtil.doAsPrivilege(SecurityUtil.java:260)
	at org.apache.catalina.core.ApplicationFilterChain.internalDoFilter(ApplicationFilterChain.java:237)
	at org.apache.catalina.core.ApplicationFilterChain.access$000(ApplicationFilterChain.java:55)
	at org.apache.catalina.core.ApplicationFilterChain$1.run(ApplicationFilterChain.java:191)
	at org.apache.catalina.core.ApplicationFilterChain$1.run(ApplicationFilterChain.java:187)
	at java.security.AccessController.doPrivileged(Native Method)
	at org.apache.catalina.core.ApplicationFilterChain.doFilter(ApplicationFilterChain.java:186)
	at org.apache.catalina.core.StandardWrapperValve.invoke(StandardWrapperValve.java:220)
	at org.apache.catalina.core.StandardContextValve.invoke(StandardContextValve.java:122)
	at org.apache.tomee.catalina.OpenEJBValve.invoke(OpenEJBValve.java:44)
	at org.apache.catalina.authenticator.AuthenticatorBase.invoke(AuthenticatorBase.java:505)
	at org.apache.catalina.core.StandardHostValve.invoke(StandardHostValve.java:169)
	at org.apache.catalina.valves.ErrorReportValve.invoke(ErrorReportValve.java:103)
	at org.apache.catalina.valves.AccessLogValve.invoke(AccessLogValve.java:956)
	at org.apache.catalina.core.StandardEngineValve.invoke(StandardEngineValve.java:116)
	at org.apache.catalina.connector.CoyoteAdapter.service(CoyoteAdapter.java:436)
	at org.apache.coyote.http11.AbstractHttp11Processor.process(AbstractHttp11Processor.java:1078)
	at org.apache.coyote.AbstractProtocol$AbstractConnectionHandler.process(AbstractProtocol.java:625)
	at org.apache.tomcat.util.net.JIoEndpoint$SocketProcessor.run(JIoEndpoint.java:318)
	at java.util.concurrent.ThreadPoolExecutor.runWorker(ThreadPoolExecutor.java:1145)
	at java.util.concurrent.ThreadPoolExecutor$Worker.run(ThreadPoolExecutor.java:615)
	at org.apache.tomcat.util.threads.TaskThread$WrappingRunnable.run(TaskThread.java:61)
	at java.lang.Thread.run(Thread.java:745)

mar 20, 2017 10:42:12 PM org.apache.catalina.core.StandardWrapperValve invoke
GRAVE: Servlet.service() para servlet zkLoader lanzó excepción
org.zkoss.zk.ui.UiException: Page not found: /wf/menu.zul
	at org.zkoss.zk.ui.http.ExecutionImpl.getPageDefinition(ExecutionImpl.java:337)
	at org.zkoss.zk.ui.impl.AbstractExecution.createComponents(AbstractExecution.java:180)
	at org.zkoss.zk.ui.Executions.createComponents(Executions.java:142)
	at sun.reflect.NativeMethodAccessorImpl.invoke0(Native Method)
	at sun.reflect.NativeMethodAccessorImpl.invoke(NativeMethodAccessorImpl.java:57)
	at sun.reflect.DelegatingMethodAccessorImpl.invoke(DelegatingMethodAccessorImpl.java:43)
	at java.lang.reflect.Method.invoke(Method.java:606)
	at bsh.Reflect.invokeMethod(Unknown Source)
	at bsh.Reflect.invokeStaticMethod(Unknown Source)
	at bsh.Name.invokeMethod(Unknown Source)
	at bsh.BSHMethodInvocation.eval(Unknown Source)
	at bsh.BSHPrimaryExpression.eval(Unknown Source)
	at bsh.BSHPrimaryExpression.eval(Unknown Source)
	at bsh.BSHVariableDeclarator.eval(Unknown Source)
	at bsh.BSHTypedVariableDeclaration.eval(Unknown Source)
	at bsh.BSHBlock.evalBlock(Unknown Source)
	at bsh.BSHBlock.eval(Unknown Source)
	at bsh.BSHBlock.eval(Unknown Source)
	at bsh.BSHIfStatement.eval(Unknown Source)
	at bsh.Interpreter.eval(Unknown Source)
	at bsh.Interpreter.eval(Unknown Source)
	at org.zkoss.zk.scripting.bsh.BSHInterpreter.exec(BSHInterpreter.java:100)
	at org.zkoss.zk.scripting.util.GenericInterpreter.interpret(GenericInterpreter.java:292)
	at org.zkoss.zk.ui.impl.PageImpl.interpret(PageImpl.java:866)
	at org.zkoss.zk.ui.impl.UiEngineImpl.execNonComponent(UiEngineImpl.java:608)
	at org.zkoss.zk.ui.impl.UiEngineImpl.execCreate0(UiEngineImpl.java:503)
	at org.zkoss.zk.ui.impl.UiEngineImpl.execCreate(UiEngineImpl.java:465)
	at org.zkoss.zk.ui.impl.UiEngineImpl.execCreateChild0(UiEngineImpl.java:546)
	at org.zkoss.zk.ui.impl.UiEngineImpl.execCreateChild(UiEngineImpl.java:520)
	at org.zkoss.zk.ui.impl.UiEngineImpl.execCreate0(UiEngineImpl.java:481)
	at org.zkoss.zk.ui.impl.UiEngineImpl.execCreate(UiEngineImpl.java:465)
	at org.zkoss.zk.ui.impl.UiEngineImpl.execNewPage0(UiEngineImpl.java:359)
	at org.zkoss.zk.ui.impl.UiEngineImpl.execNewPage(UiEngineImpl.java:292)
	at org.zkoss.zk.ui.http.DHtmlLayoutServlet.process(DHtmlLayoutServlet.java:230)
	at org.zkoss.zk.ui.http.DHtmlLayoutServlet.doGet(DHtmlLayoutServlet.java:167)
	at javax.servlet.http.HttpServlet.service(HttpServlet.java:624)
	at javax.servlet.http.HttpServlet.service(HttpServlet.java:731)
	at sun.reflect.GeneratedMethodAccessor125.invoke(Unknown Source)
	at sun.reflect.DelegatingMethodAccessorImpl.invoke(DelegatingMethodAccessorImpl.java:43)
	at java.lang.reflect.Method.invoke(Method.java:606)
	at org.apache.catalina.security.SecurityUtil$1.run(SecurityUtil.java:288)
	at org.apache.catalina.security.SecurityUtil$1.run(SecurityUtil.java:285)
	at java.security.AccessController.doPrivileged(Native Method)
	at javax.security.auth.Subject.doAsPrivileged(Subject.java:536)
	at org.apache.catalina.security.SecurityUtil.execute(SecurityUtil.java:320)
	at org.apache.catalina.security.SecurityUtil.doAsPrivilege(SecurityUtil.java:175)
	at org.apache.catalina.core.ApplicationFilterChain.internalDoFilter(ApplicationFilterChain.java:297)
	at org.apache.catalina.core.ApplicationFilterChain.access$000(ApplicationFilterChain.java:55)
	at org.apache.catalina.core.ApplicationFilterChain$1.run(ApplicationFilterChain.java:191)
	at org.apache.catalina.core.ApplicationFilterChain$1.run(ApplicationFilterChain.java:187)
	at java.security.AccessController.doPrivileged(Native Method)
	at org.apache.catalina.core.ApplicationFilterChain.doFilter(ApplicationFilterChain.java:186)
	at org.apache.tomcat.websocket.server.WsFilter.doFilter(WsFilter.java:52)
	at sun.reflect.GeneratedMethodAccessor124.invoke(Unknown Source)
	at sun.reflect.DelegatingMethodAccessorImpl.invoke(DelegatingMethodAccessorImpl.java:43)
	at java.lang.reflect.Method.invoke(Method.java:606)
	at org.apache.catalina.security.SecurityUtil$1.run(SecurityUtil.java:288)
	at org.apache.catalina.security.SecurityUtil$1.run(SecurityUtil.java:285)
	at java.security.AccessController.doPrivileged(Native Method)
	at javax.security.auth.Subject.doAsPrivileged(Subject.java:536)
	at org.apache.catalina.security.SecurityUtil.execute(SecurityUtil.java:320)
	at org.apache.catalina.security.SecurityUtil.doAsPrivilege(SecurityUtil.java:260)
	at org.apache.catalina.core.ApplicationFilterChain.internalDoFilter(ApplicationFilterChain.java:237)
	at org.apache.catalina.core.ApplicationFilterChain.access$000(ApplicationFilterChain.java:55)
	at org.apache.catalina.core.ApplicationFilterChain$1.run(ApplicationFilterChain.java:191)
	at org.apache.catalina.core.ApplicationFilterChain$1.run(ApplicationFilterChain.java:187)
	at java.security.AccessController.doPrivileged(Native Method)
	at org.apache.catalina.core.ApplicationFilterChain.doFilter(ApplicationFilterChain.java:186)
	at org.springframework.security.web.FilterChainProxy$VirtualFilterChain.doFilter(FilterChainProxy.java:330)
	at org.springframework.security.web.access.intercept.FilterSecurityInterceptor.invoke(FilterSecurityInterceptor.java:118)
	at org.springframework.security.web.access.intercept.FilterSecurityInterceptor.doFilter(FilterSecurityInterceptor.java:84)
	at org.springframework.security.web.FilterChainProxy$VirtualFilterChain.doFilter(FilterChainProxy.java:342)
	at org.springframework.security.web.access.ExceptionTranslationFilter.doFilter(ExceptionTranslationFilter.java:113)
	at org.springframework.security.web.FilterChainProxy$VirtualFilterChain.doFilter(FilterChainProxy.java:342)
	at org.springframework.security.web.session.SessionManagementFilter.doFilter(SessionManagementFilter.java:103)
	at org.springframework.security.web.FilterChainProxy$VirtualFilterChain.doFilter(FilterChainProxy.java:342)
	at org.springframework.security.web.authentication.AnonymousAuthenticationFilter.doFilter(AnonymousAuthenticationFilter.java:113)
	at org.springframework.security.web.FilterChainProxy$VirtualFilterChain.doFilter(FilterChainProxy.java:342)
	at org.springframework.security.web.servletapi.SecurityContextHolderAwareRequestFilter.doFilter(SecurityContextHolderAwareRequestFilter.java:54)
	at org.springframework.security.web.FilterChainProxy$VirtualFilterChain.doFilter(FilterChainProxy.java:342)
	at org.springframework.security.web.savedrequest.RequestCacheAwareFilter.doFilter(RequestCacheAwareFilter.java:45)
	at org.springframework.security.web.FilterChainProxy$VirtualFilterChain.doFilter(FilterChainProxy.java:342)
	at org.springframework.security.web.FilterChainProxy.doFilterInternal(FilterChainProxy.java:186)
	at org.springframework.security.web.FilterChainProxy.doFilter(FilterChainProxy.java:166)
	at org.springframework.security.web.FilterChainProxy$VirtualFilterChain.doFilter(FilterChainProxy.java:342)
	at org.springframework.security.web.context.SecurityContextPersistenceFilter.doFilter(SecurityContextPersistenceFilter.java:87)
	at org.springframework.security.web.FilterChainProxy$VirtualFilterChain.doFilter(FilterChainProxy.java:342)
	at org.springframework.security.saml.metadata.MetadataGeneratorFilter.doFilter(MetadataGeneratorFilter.java:87)
	at org.springframework.security.web.FilterChainProxy$VirtualFilterChain.doFilter(FilterChainProxy.java:342)
	at org.springframework.security.web.FilterChainProxy.doFilterInternal(FilterChainProxy.java:192)
	at org.springframework.security.web.FilterChainProxy.doFilter(FilterChainProxy.java:160)
	at org.springframework.web.filter.DelegatingFilterProxy.invokeDelegate(DelegatingFilterProxy.java:346)
	at org.springframework.web.filter.DelegatingFilterProxy.doFilter(DelegatingFilterProxy.java:262)
	at sun.reflect.GeneratedMethodAccessor124.invoke(Unknown Source)
	at sun.reflect.DelegatingMethodAccessorImpl.invoke(DelegatingMethodAccessorImpl.java:43)
	at java.lang.reflect.Method.invoke(Method.java:606)
	at org.apache.catalina.security.SecurityUtil$1.run(SecurityUtil.java:288)
	at org.apache.catalina.security.SecurityUtil$1.run(SecurityUtil.java:285)
	at java.security.AccessController.doPrivileged(Native Method)
	at javax.security.auth.Subject.doAsPrivileged(Subject.java:536)
	at org.apache.catalina.security.SecurityUtil.execute(SecurityUtil.java:320)
	at org.apache.catalina.security.SecurityUtil.doAsPrivilege(SecurityUtil.java:260)
	at org.apache.catalina.core.ApplicationFilterChain.internalDoFilter(ApplicationFilterChain.java:237)
	at org.apache.catalina.core.ApplicationFilterChain.access$000(ApplicationFilterChain.java:55)
	at org.apache.catalina.core.ApplicationFilterChain$1.run(ApplicationFilterChain.java:191)
	at org.apache.catalina.core.ApplicationFilterChain$1.run(ApplicationFilterChain.java:187)
	at java.security.AccessController.doPrivileged(Native Method)
	at org.apache.catalina.core.ApplicationFilterChain.doFilter(ApplicationFilterChain.java:186)
	at org.apache.catalina.core.StandardWrapperValve.invoke(StandardWrapperValve.java:220)
	at org.apache.catalina.core.StandardContextValve.invoke(StandardContextValve.java:122)
	at org.apache.tomee.catalina.OpenEJBValve.invoke(OpenEJBValve.java:44)
	at org.apache.catalina.authenticator.AuthenticatorBase.invoke(AuthenticatorBase.java:505)
	at org.apache.catalina.core.StandardHostValve.invoke(StandardHostValve.java:169)
	at org.apache.catalina.valves.ErrorReportValve.invoke(ErrorReportValve.java:103)
	at org.apache.catalina.valves.AccessLogValve.invoke(AccessLogValve.java:956)
	at org.apache.catalina.core.StandardEngineValve.invoke(StandardEngineValve.java:116)
	at org.apache.catalina.connector.CoyoteAdapter.service(CoyoteAdapter.java:436)
	at org.apache.coyote.http11.AbstractHttp11Processor.process(AbstractHttp11Processor.java:1078)
	at org.apache.coyote.AbstractProtocol$AbstractConnectionHandler.process(AbstractProtocol.java:625)
	at org.apache.tomcat.util.net.JIoEndpoint$SocketProcessor.run(JIoEndpoint.java:318)
	at java.util.concurrent.ThreadPoolExecutor.runWorker(ThreadPoolExecutor.java:1145)
	at java.util.concurrent.ThreadPoolExecutor$Worker.run(ThreadPoolExecutor.java:615)
	at org.apache.tomcat.util.threads.TaskThread$WrappingRunnable.run(TaskThread.java:61)
	at java.lang.Thread.run(Thread.java:745)

mar 20, 2017 10:44:17 PM org.apache.catalina.core.ApplicationContext log
INFORMACIÓN: No Spring WebApplicationInitializer types detected on classpath
mar 20, 2017 10:44:17 PM org.apache.catalina.core.ApplicationContext log
INFORMACIÓN: Initializing Spring root WebApplicationContext
mar 20, 2017 10:44:25 PM org.apache.catalina.core.ApplicationContext log
INFORMACIÓN: Initializing Spring FrameworkServlet 'saml'
mar 20, 2017 10:45:09 PM org.apache.catalina.core.StandardWrapperValve invoke
GRAVE: Servlet.service() para servlet zkLoader lanzó excepción
org.zkoss.zk.ui.UiException: Page not found: /wf/menu.zul
	at org.zkoss.zk.ui.http.ExecutionImpl.getPageDefinition(ExecutionImpl.java:337)
	at org.zkoss.zk.ui.impl.AbstractExecution.createComponents(AbstractExecution.java:180)
	at org.zkoss.zk.ui.Executions.createComponents(Executions.java:142)
	at sun.reflect.NativeMethodAccessorImpl.invoke0(Native Method)
	at sun.reflect.NativeMethodAccessorImpl.invoke(NativeMethodAccessorImpl.java:57)
	at sun.reflect.DelegatingMethodAccessorImpl.invoke(DelegatingMethodAccessorImpl.java:43)
	at java.lang.reflect.Method.invoke(Method.java:606)
	at bsh.Reflect.invokeMethod(Unknown Source)
	at bsh.Reflect.invokeStaticMethod(Unknown Source)
	at bsh.Name.invokeMethod(Unknown Source)
	at bsh.BSHMethodInvocation.eval(Unknown Source)
	at bsh.BSHPrimaryExpression.eval(Unknown Source)
	at bsh.BSHPrimaryExpression.eval(Unknown Source)
	at bsh.BSHVariableDeclarator.eval(Unknown Source)
	at bsh.BSHTypedVariableDeclaration.eval(Unknown Source)
	at bsh.BSHBlock.evalBlock(Unknown Source)
	at bsh.BSHBlock.eval(Unknown Source)
	at bsh.BSHBlock.eval(Unknown Source)
	at bsh.BSHIfStatement.eval(Unknown Source)
	at bsh.Interpreter.eval(Unknown Source)
	at bsh.Interpreter.eval(Unknown Source)
	at org.zkoss.zk.scripting.bsh.BSHInterpreter.exec(BSHInterpreter.java:100)
	at org.zkoss.zk.scripting.util.GenericInterpreter.interpret(GenericInterpreter.java:292)
	at org.zkoss.zk.ui.impl.PageImpl.interpret(PageImpl.java:866)
	at org.zkoss.zk.ui.impl.UiEngineImpl.execNonComponent(UiEngineImpl.java:608)
	at org.zkoss.zk.ui.impl.UiEngineImpl.execCreate0(UiEngineImpl.java:503)
	at org.zkoss.zk.ui.impl.UiEngineImpl.execCreate(UiEngineImpl.java:465)
	at org.zkoss.zk.ui.impl.UiEngineImpl.execCreateChild0(UiEngineImpl.java:546)
	at org.zkoss.zk.ui.impl.UiEngineImpl.execCreateChild(UiEngineImpl.java:520)
	at org.zkoss.zk.ui.impl.UiEngineImpl.execCreate0(UiEngineImpl.java:481)
	at org.zkoss.zk.ui.impl.UiEngineImpl.execCreate(UiEngineImpl.java:465)
	at org.zkoss.zk.ui.impl.UiEngineImpl.execNewPage0(UiEngineImpl.java:359)
	at org.zkoss.zk.ui.impl.UiEngineImpl.execNewPage(UiEngineImpl.java:292)
	at org.zkoss.zk.ui.http.DHtmlLayoutServlet.process(DHtmlLayoutServlet.java:230)
	at org.zkoss.zk.ui.http.DHtmlLayoutServlet.doGet(DHtmlLayoutServlet.java:167)
	at javax.servlet.http.HttpServlet.service(HttpServlet.java:624)
	at javax.servlet.http.HttpServlet.service(HttpServlet.java:731)
	at sun.reflect.GeneratedMethodAccessor136.invoke(Unknown Source)
	at sun.reflect.DelegatingMethodAccessorImpl.invoke(DelegatingMethodAccessorImpl.java:43)
	at java.lang.reflect.Method.invoke(Method.java:606)
	at org.apache.catalina.security.SecurityUtil$1.run(SecurityUtil.java:288)
	at org.apache.catalina.security.SecurityUtil$1.run(SecurityUtil.java:285)
	at java.security.AccessController.doPrivileged(Native Method)
	at javax.security.auth.Subject.doAsPrivileged(Subject.java:536)
	at org.apache.catalina.security.SecurityUtil.execute(SecurityUtil.java:320)
	at org.apache.catalina.security.SecurityUtil.doAsPrivilege(SecurityUtil.java:175)
	at org.apache.catalina.core.ApplicationFilterChain.internalDoFilter(ApplicationFilterChain.java:297)
	at org.apache.catalina.core.ApplicationFilterChain.access$000(ApplicationFilterChain.java:55)
	at org.apache.catalina.core.ApplicationFilterChain$1.run(ApplicationFilterChain.java:191)
	at org.apache.catalina.core.ApplicationFilterChain$1.run(ApplicationFilterChain.java:187)
	at java.security.AccessController.doPrivileged(Native Method)
	at org.apache.catalina.core.ApplicationFilterChain.doFilter(ApplicationFilterChain.java:186)
	at org.apache.tomcat.websocket.server.WsFilter.doFilter(WsFilter.java:52)
	at sun.reflect.GeneratedMethodAccessor134.invoke(Unknown Source)
	at sun.reflect.DelegatingMethodAccessorImpl.invoke(DelegatingMethodAccessorImpl.java:43)
	at java.lang.reflect.Method.invoke(Method.java:606)
	at org.apache.catalina.security.SecurityUtil$1.run(SecurityUtil.java:288)
	at org.apache.catalina.security.SecurityUtil$1.run(SecurityUtil.java:285)
	at java.security.AccessController.doPrivileged(Native Method)
	at javax.security.auth.Subject.doAsPrivileged(Subject.java:536)
	at org.apache.catalina.security.SecurityUtil.execute(SecurityUtil.java:320)
	at org.apache.catalina.security.SecurityUtil.doAsPrivilege(SecurityUtil.java:260)
	at org.apache.catalina.core.ApplicationFilterChain.internalDoFilter(ApplicationFilterChain.java:237)
	at org.apache.catalina.core.ApplicationFilterChain.access$000(ApplicationFilterChain.java:55)
	at org.apache.catalina.core.ApplicationFilterChain$1.run(ApplicationFilterChain.java:191)
	at org.apache.catalina.core.ApplicationFilterChain$1.run(ApplicationFilterChain.java:187)
	at java.security.AccessController.doPrivileged(Native Method)
	at org.apache.catalina.core.ApplicationFilterChain.doFilter(ApplicationFilterChain.java:186)
	at org.springframework.security.web.FilterChainProxy$VirtualFilterChain.doFilter(FilterChainProxy.java:330)
	at org.springframework.security.web.access.intercept.FilterSecurityInterceptor.invoke(FilterSecurityInterceptor.java:118)
	at org.springframework.security.web.access.intercept.FilterSecurityInterceptor.doFilter(FilterSecurityInterceptor.java:84)
	at org.springframework.security.web.FilterChainProxy$VirtualFilterChain.doFilter(FilterChainProxy.java:342)
	at org.springframework.security.web.access.ExceptionTranslationFilter.doFilter(ExceptionTranslationFilter.java:113)
	at org.springframework.security.web.FilterChainProxy$VirtualFilterChain.doFilter(FilterChainProxy.java:342)
	at org.springframework.security.web.session.SessionManagementFilter.doFilter(SessionManagementFilter.java:103)
	at org.springframework.security.web.FilterChainProxy$VirtualFilterChain.doFilter(FilterChainProxy.java:342)
	at org.springframework.security.web.authentication.AnonymousAuthenticationFilter.doFilter(AnonymousAuthenticationFilter.java:113)
	at org.springframework.security.web.FilterChainProxy$VirtualFilterChain.doFilter(FilterChainProxy.java:342)
	at org.springframework.security.web.servletapi.SecurityContextHolderAwareRequestFilter.doFilter(SecurityContextHolderAwareRequestFilter.java:54)
	at org.springframework.security.web.FilterChainProxy$VirtualFilterChain.doFilter(FilterChainProxy.java:342)
	at org.springframework.security.web.savedrequest.RequestCacheAwareFilter.doFilter(RequestCacheAwareFilter.java:45)
	at org.springframework.security.web.FilterChainProxy$VirtualFilterChain.doFilter(FilterChainProxy.java:342)
	at org.springframework.security.web.FilterChainProxy.doFilterInternal(FilterChainProxy.java:186)
	at org.springframework.security.web.FilterChainProxy.doFilter(FilterChainProxy.java:166)
	at org.springframework.security.web.FilterChainProxy$VirtualFilterChain.doFilter(FilterChainProxy.java:342)
	at org.springframework.security.web.context.SecurityContextPersistenceFilter.doFilter(SecurityContextPersistenceFilter.java:87)
	at org.springframework.security.web.FilterChainProxy$VirtualFilterChain.doFilter(FilterChainProxy.java:342)
	at org.springframework.security.saml.metadata.MetadataGeneratorFilter.doFilter(MetadataGeneratorFilter.java:87)
	at org.springframework.security.web.FilterChainProxy$VirtualFilterChain.doFilter(FilterChainProxy.java:342)
	at org.springframework.security.web.FilterChainProxy.doFilterInternal(FilterChainProxy.java:192)
	at org.springframework.security.web.FilterChainProxy.doFilter(FilterChainProxy.java:160)
	at org.springframework.web.filter.DelegatingFilterProxy.invokeDelegate(DelegatingFilterProxy.java:346)
	at org.springframework.web.filter.DelegatingFilterProxy.doFilter(DelegatingFilterProxy.java:262)
	at sun.reflect.GeneratedMethodAccessor134.invoke(Unknown Source)
	at sun.reflect.DelegatingMethodAccessorImpl.invoke(DelegatingMethodAccessorImpl.java:43)
	at java.lang.reflect.Method.invoke(Method.java:606)
	at org.apache.catalina.security.SecurityUtil$1.run(SecurityUtil.java:288)
	at org.apache.catalina.security.SecurityUtil$1.run(SecurityUtil.java:285)
	at java.security.AccessController.doPrivileged(Native Method)
	at javax.security.auth.Subject.doAsPrivileged(Subject.java:536)
	at org.apache.catalina.security.SecurityUtil.execute(SecurityUtil.java:320)
	at org.apache.catalina.security.SecurityUtil.doAsPrivilege(SecurityUtil.java:260)
	at org.apache.catalina.core.ApplicationFilterChain.internalDoFilter(ApplicationFilterChain.java:237)
	at org.apache.catalina.core.ApplicationFilterChain.access$000(ApplicationFilterChain.java:55)
	at org.apache.catalina.core.ApplicationFilterChain$1.run(ApplicationFilterChain.java:191)
	at org.apache.catalina.core.ApplicationFilterChain$1.run(ApplicationFilterChain.java:187)
	at java.security.AccessController.doPrivileged(Native Method)
	at org.apache.catalina.core.ApplicationFilterChain.doFilter(ApplicationFilterChain.java:186)
	at org.apache.catalina.core.StandardWrapperValve.invoke(StandardWrapperValve.java:220)
	at org.apache.catalina.core.StandardContextValve.invoke(StandardContextValve.java:122)
	at org.apache.tomee.catalina.OpenEJBValve.invoke(OpenEJBValve.java:44)
	at org.apache.catalina.authenticator.AuthenticatorBase.invoke(AuthenticatorBase.java:505)
	at org.apache.catalina.core.StandardHostValve.invoke(StandardHostValve.java:169)
	at org.apache.catalina.valves.ErrorReportValve.invoke(ErrorReportValve.java:103)
	at org.apache.catalina.valves.AccessLogValve.invoke(AccessLogValve.java:956)
	at org.apache.catalina.core.StandardEngineValve.invoke(StandardEngineValve.java:116)
	at org.apache.catalina.connector.CoyoteAdapter.service(CoyoteAdapter.java:436)
	at org.apache.coyote.http11.AbstractHttp11Processor.process(AbstractHttp11Processor.java:1078)
	at org.apache.coyote.AbstractProtocol$AbstractConnectionHandler.process(AbstractProtocol.java:625)
	at org.apache.tomcat.util.net.JIoEndpoint$SocketProcessor.run(JIoEndpoint.java:318)
	at java.util.concurrent.ThreadPoolExecutor.runWorker(ThreadPoolExecutor.java:1145)
	at java.util.concurrent.ThreadPoolExecutor$Worker.run(ThreadPoolExecutor.java:615)
	at org.apache.tomcat.util.threads.TaskThread$WrappingRunnable.run(TaskThread.java:61)
	at java.lang.Thread.run(Thread.java:745)

mar 20, 2017 10:45:13 PM org.apache.catalina.core.StandardWrapperValve invoke
GRAVE: Servlet.service() para servlet zkLoader lanzó excepción
org.zkoss.zk.ui.UiException: Page not found: /wf/menu.zul
	at org.zkoss.zk.ui.http.ExecutionImpl.getPageDefinition(ExecutionImpl.java:337)
	at org.zkoss.zk.ui.impl.AbstractExecution.createComponents(AbstractExecution.java:180)
	at org.zkoss.zk.ui.Executions.createComponents(Executions.java:142)
	at sun.reflect.NativeMethodAccessorImpl.invoke0(Native Method)
	at sun.reflect.NativeMethodAccessorImpl.invoke(NativeMethodAccessorImpl.java:57)
	at sun.reflect.DelegatingMethodAccessorImpl.invoke(DelegatingMethodAccessorImpl.java:43)
	at java.lang.reflect.Method.invoke(Method.java:606)
	at bsh.Reflect.invokeMethod(Unknown Source)
	at bsh.Reflect.invokeStaticMethod(Unknown Source)
	at bsh.Name.invokeMethod(Unknown Source)
	at bsh.BSHMethodInvocation.eval(Unknown Source)
	at bsh.BSHPrimaryExpression.eval(Unknown Source)
	at bsh.BSHPrimaryExpression.eval(Unknown Source)
	at bsh.BSHVariableDeclarator.eval(Unknown Source)
	at bsh.BSHTypedVariableDeclaration.eval(Unknown Source)
	at bsh.BSHBlock.evalBlock(Unknown Source)
	at bsh.BSHBlock.eval(Unknown Source)
	at bsh.BSHBlock.eval(Unknown Source)
	at bsh.BSHIfStatement.eval(Unknown Source)
	at bsh.Interpreter.eval(Unknown Source)
	at bsh.Interpreter.eval(Unknown Source)
	at org.zkoss.zk.scripting.bsh.BSHInterpreter.exec(BSHInterpreter.java:100)
	at org.zkoss.zk.scripting.util.GenericInterpreter.interpret(GenericInterpreter.java:292)
	at org.zkoss.zk.ui.impl.PageImpl.interpret(PageImpl.java:866)
	at org.zkoss.zk.ui.impl.UiEngineImpl.execNonComponent(UiEngineImpl.java:608)
	at org.zkoss.zk.ui.impl.UiEngineImpl.execCreate0(UiEngineImpl.java:503)
	at org.zkoss.zk.ui.impl.UiEngineImpl.execCreate(UiEngineImpl.java:465)
	at org.zkoss.zk.ui.impl.UiEngineImpl.execCreateChild0(UiEngineImpl.java:546)
	at org.zkoss.zk.ui.impl.UiEngineImpl.execCreateChild(UiEngineImpl.java:520)
	at org.zkoss.zk.ui.impl.UiEngineImpl.execCreate0(UiEngineImpl.java:481)
	at org.zkoss.zk.ui.impl.UiEngineImpl.execCreate(UiEngineImpl.java:465)
	at org.zkoss.zk.ui.impl.UiEngineImpl.execNewPage0(UiEngineImpl.java:359)
	at org.zkoss.zk.ui.impl.UiEngineImpl.execNewPage(UiEngineImpl.java:292)
	at org.zkoss.zk.ui.http.DHtmlLayoutServlet.process(DHtmlLayoutServlet.java:230)
	at org.zkoss.zk.ui.http.DHtmlLayoutServlet.doGet(DHtmlLayoutServlet.java:167)
	at javax.servlet.http.HttpServlet.service(HttpServlet.java:624)
	at javax.servlet.http.HttpServlet.service(HttpServlet.java:731)
	at sun.reflect.GeneratedMethodAccessor136.invoke(Unknown Source)
	at sun.reflect.DelegatingMethodAccessorImpl.invoke(DelegatingMethodAccessorImpl.java:43)
	at java.lang.reflect.Method.invoke(Method.java:606)
	at org.apache.catalina.security.SecurityUtil$1.run(SecurityUtil.java:288)
	at org.apache.catalina.security.SecurityUtil$1.run(SecurityUtil.java:285)
	at java.security.AccessController.doPrivileged(Native Method)
	at javax.security.auth.Subject.doAsPrivileged(Subject.java:536)
	at org.apache.catalina.security.SecurityUtil.execute(SecurityUtil.java:320)
	at org.apache.catalina.security.SecurityUtil.doAsPrivilege(SecurityUtil.java:175)
	at org.apache.catalina.core.ApplicationFilterChain.internalDoFilter(ApplicationFilterChain.java:297)
	at org.apache.catalina.core.ApplicationFilterChain.access$000(ApplicationFilterChain.java:55)
	at org.apache.catalina.core.ApplicationFilterChain$1.run(ApplicationFilterChain.java:191)
	at org.apache.catalina.core.ApplicationFilterChain$1.run(ApplicationFilterChain.java:187)
	at java.security.AccessController.doPrivileged(Native Method)
	at org.apache.catalina.core.ApplicationFilterChain.doFilter(ApplicationFilterChain.java:186)
	at org.apache.tomcat.websocket.server.WsFilter.doFilter(WsFilter.java:52)
	at sun.reflect.GeneratedMethodAccessor134.invoke(Unknown Source)
	at sun.reflect.DelegatingMethodAccessorImpl.invoke(DelegatingMethodAccessorImpl.java:43)
	at java.lang.reflect.Method.invoke(Method.java:606)
	at org.apache.catalina.security.SecurityUtil$1.run(SecurityUtil.java:288)
	at org.apache.catalina.security.SecurityUtil$1.run(SecurityUtil.java:285)
	at java.security.AccessController.doPrivileged(Native Method)
	at javax.security.auth.Subject.doAsPrivileged(Subject.java:536)
	at org.apache.catalina.security.SecurityUtil.execute(SecurityUtil.java:320)
	at org.apache.catalina.security.SecurityUtil.doAsPrivilege(SecurityUtil.java:260)
	at org.apache.catalina.core.ApplicationFilterChain.internalDoFilter(ApplicationFilterChain.java:237)
	at org.apache.catalina.core.ApplicationFilterChain.access$000(ApplicationFilterChain.java:55)
	at org.apache.catalina.core.ApplicationFilterChain$1.run(ApplicationFilterChain.java:191)
	at org.apache.catalina.core.ApplicationFilterChain$1.run(ApplicationFilterChain.java:187)
	at java.security.AccessController.doPrivileged(Native Method)
	at org.apache.catalina.core.ApplicationFilterChain.doFilter(ApplicationFilterChain.java:186)
	at org.springframework.security.web.FilterChainProxy$VirtualFilterChain.doFilter(FilterChainProxy.java:330)
	at org.springframework.security.web.access.intercept.FilterSecurityInterceptor.invoke(FilterSecurityInterceptor.java:118)
	at org.springframework.security.web.access.intercept.FilterSecurityInterceptor.doFilter(FilterSecurityInterceptor.java:84)
	at org.springframework.security.web.FilterChainProxy$VirtualFilterChain.doFilter(FilterChainProxy.java:342)
	at org.springframework.security.web.access.ExceptionTranslationFilter.doFilter(ExceptionTranslationFilter.java:113)
	at org.springframework.security.web.FilterChainProxy$VirtualFilterChain.doFilter(FilterChainProxy.java:342)
	at org.springframework.security.web.session.SessionManagementFilter.doFilter(SessionManagementFilter.java:103)
	at org.springframework.security.web.FilterChainProxy$VirtualFilterChain.doFilter(FilterChainProxy.java:342)
	at org.springframework.security.web.authentication.AnonymousAuthenticationFilter.doFilter(AnonymousAuthenticationFilter.java:113)
	at org.springframework.security.web.FilterChainProxy$VirtualFilterChain.doFilter(FilterChainProxy.java:342)
	at org.springframework.security.web.servletapi.SecurityContextHolderAwareRequestFilter.doFilter(SecurityContextHolderAwareRequestFilter.java:54)
	at org.springframework.security.web.FilterChainProxy$VirtualFilterChain.doFilter(FilterChainProxy.java:342)
	at org.springframework.security.web.savedrequest.RequestCacheAwareFilter.doFilter(RequestCacheAwareFilter.java:45)
	at org.springframework.security.web.FilterChainProxy$VirtualFilterChain.doFilter(FilterChainProxy.java:342)
	at org.springframework.security.web.FilterChainProxy.doFilterInternal(FilterChainProxy.java:186)
	at org.springframework.security.web.FilterChainProxy.doFilter(FilterChainProxy.java:166)
	at org.springframework.security.web.FilterChainProxy$VirtualFilterChain.doFilter(FilterChainProxy.java:342)
	at org.springframework.security.web.context.SecurityContextPersistenceFilter.doFilter(SecurityContextPersistenceFilter.java:87)
	at org.springframework.security.web.FilterChainProxy$VirtualFilterChain.doFilter(FilterChainProxy.java:342)
	at org.springframework.security.saml.metadata.MetadataGeneratorFilter.doFilter(MetadataGeneratorFilter.java:87)
	at org.springframework.security.web.FilterChainProxy$VirtualFilterChain.doFilter(FilterChainProxy.java:342)
	at org.springframework.security.web.FilterChainProxy.doFilterInternal(FilterChainProxy.java:192)
	at org.springframework.security.web.FilterChainProxy.doFilter(FilterChainProxy.java:160)
	at org.springframework.web.filter.DelegatingFilterProxy.invokeDelegate(DelegatingFilterProxy.java:346)
	at org.springframework.web.filter.DelegatingFilterProxy.doFilter(DelegatingFilterProxy.java:262)
	at sun.reflect.GeneratedMethodAccessor134.invoke(Unknown Source)
	at sun.reflect.DelegatingMethodAccessorImpl.invoke(DelegatingMethodAccessorImpl.java:43)
	at java.lang.reflect.Method.invoke(Method.java:606)
	at org.apache.catalina.security.SecurityUtil$1.run(SecurityUtil.java:288)
	at org.apache.catalina.security.SecurityUtil$1.run(SecurityUtil.java:285)
	at java.security.AccessController.doPrivileged(Native Method)
	at javax.security.auth.Subject.doAsPrivileged(Subject.java:536)
	at org.apache.catalina.security.SecurityUtil.execute(SecurityUtil.java:320)
	at org.apache.catalina.security.SecurityUtil.doAsPrivilege(SecurityUtil.java:260)
	at org.apache.catalina.core.ApplicationFilterChain.internalDoFilter(ApplicationFilterChain.java:237)
	at org.apache.catalina.core.ApplicationFilterChain.access$000(ApplicationFilterChain.java:55)
	at org.apache.catalina.core.ApplicationFilterChain$1.run(ApplicationFilterChain.java:191)
	at org.apache.catalina.core.ApplicationFilterChain$1.run(ApplicationFilterChain.java:187)
	at java.security.AccessController.doPrivileged(Native Method)
	at org.apache.catalina.core.ApplicationFilterChain.doFilter(ApplicationFilterChain.java:186)
	at org.apache.catalina.core.StandardWrapperValve.invoke(StandardWrapperValve.java:220)
	at org.apache.catalina.core.StandardContextValve.invoke(StandardContextValve.java:122)
	at org.apache.tomee.catalina.OpenEJBValve.invoke(OpenEJBValve.java:44)
	at org.apache.catalina.authenticator.AuthenticatorBase.invoke(AuthenticatorBase.java:505)
	at org.apache.catalina.core.StandardHostValve.invoke(StandardHostValve.java:169)
	at org.apache.catalina.valves.ErrorReportValve.invoke(ErrorReportValve.java:103)
	at org.apache.catalina.valves.AccessLogValve.invoke(AccessLogValve.java:956)
	at org.apache.catalina.core.StandardEngineValve.invoke(StandardEngineValve.java:116)
	at org.apache.catalina.connector.CoyoteAdapter.service(CoyoteAdapter.java:436)
	at org.apache.coyote.http11.AbstractHttp11Processor.process(AbstractHttp11Processor.java:1078)
	at org.apache.coyote.AbstractProtocol$AbstractConnectionHandler.process(AbstractProtocol.java:625)
	at org.apache.tomcat.util.net.JIoEndpoint$SocketProcessor.run(JIoEndpoint.java:318)
	at java.util.concurrent.ThreadPoolExecutor.runWorker(ThreadPoolExecutor.java:1145)
	at java.util.concurrent.ThreadPoolExecutor$Worker.run(ThreadPoolExecutor.java:615)
	at org.apache.tomcat.util.threads.TaskThread$WrappingRunnable.run(TaskThread.java:61)
	at java.lang.Thread.run(Thread.java:745)

mar 20, 2017 10:45:23 PM org.apache.catalina.core.StandardWrapperValve invoke
GRAVE: Servlet.service() para servlet zkLoader lanzó excepción
org.zkoss.zk.ui.UiException: Page not found: /wf/menu.zul
	at org.zkoss.zk.ui.http.ExecutionImpl.getPageDefinition(ExecutionImpl.java:337)
	at org.zkoss.zk.ui.impl.AbstractExecution.createComponents(AbstractExecution.java:180)
	at org.zkoss.zk.ui.Executions.createComponents(Executions.java:142)
	at sun.reflect.NativeMethodAccessorImpl.invoke0(Native Method)
	at sun.reflect.NativeMethodAccessorImpl.invoke(NativeMethodAccessorImpl.java:57)
	at sun.reflect.DelegatingMethodAccessorImpl.invoke(DelegatingMethodAccessorImpl.java:43)
	at java.lang.reflect.Method.invoke(Method.java:606)
	at bsh.Reflect.invokeMethod(Unknown Source)
	at bsh.Reflect.invokeStaticMethod(Unknown Source)
	at bsh.Name.invokeMethod(Unknown Source)
	at bsh.BSHMethodInvocation.eval(Unknown Source)
	at bsh.BSHPrimaryExpression.eval(Unknown Source)
	at bsh.BSHPrimaryExpression.eval(Unknown Source)
	at bsh.BSHVariableDeclarator.eval(Unknown Source)
	at bsh.BSHTypedVariableDeclaration.eval(Unknown Source)
	at bsh.BSHBlock.evalBlock(Unknown Source)
	at bsh.BSHBlock.eval(Unknown Source)
	at bsh.BSHBlock.eval(Unknown Source)
	at bsh.BSHIfStatement.eval(Unknown Source)
	at bsh.Interpreter.eval(Unknown Source)
	at bsh.Interpreter.eval(Unknown Source)
	at org.zkoss.zk.scripting.bsh.BSHInterpreter.exec(BSHInterpreter.java:100)
	at org.zkoss.zk.scripting.util.GenericInterpreter.interpret(GenericInterpreter.java:292)
	at org.zkoss.zk.ui.impl.PageImpl.interpret(PageImpl.java:866)
	at org.zkoss.zk.ui.impl.UiEngineImpl.execNonComponent(UiEngineImpl.java:608)
	at org.zkoss.zk.ui.impl.UiEngineImpl.execCreate0(UiEngineImpl.java:503)
	at org.zkoss.zk.ui.impl.UiEngineImpl.execCreate(UiEngineImpl.java:465)
	at org.zkoss.zk.ui.impl.UiEngineImpl.execCreateChild0(UiEngineImpl.java:546)
	at org.zkoss.zk.ui.impl.UiEngineImpl.execCreateChild(UiEngineImpl.java:520)
	at org.zkoss.zk.ui.impl.UiEngineImpl.execCreate0(UiEngineImpl.java:481)
	at org.zkoss.zk.ui.impl.UiEngineImpl.execCreate(UiEngineImpl.java:465)
	at org.zkoss.zk.ui.impl.UiEngineImpl.execNewPage0(UiEngineImpl.java:359)
	at org.zkoss.zk.ui.impl.UiEngineImpl.execNewPage(UiEngineImpl.java:292)
	at org.zkoss.zk.ui.http.DHtmlLayoutServlet.process(DHtmlLayoutServlet.java:230)
	at org.zkoss.zk.ui.http.DHtmlLayoutServlet.doGet(DHtmlLayoutServlet.java:167)
	at javax.servlet.http.HttpServlet.service(HttpServlet.java:624)
	at javax.servlet.http.HttpServlet.service(HttpServlet.java:731)
	at sun.reflect.GeneratedMethodAccessor136.invoke(Unknown Source)
	at sun.reflect.DelegatingMethodAccessorImpl.invoke(DelegatingMethodAccessorImpl.java:43)
	at java.lang.reflect.Method.invoke(Method.java:606)
	at org.apache.catalina.security.SecurityUtil$1.run(SecurityUtil.java:288)
	at org.apache.catalina.security.SecurityUtil$1.run(SecurityUtil.java:285)
	at java.security.AccessController.doPrivileged(Native Method)
	at javax.security.auth.Subject.doAsPrivileged(Subject.java:536)
	at org.apache.catalina.security.SecurityUtil.execute(SecurityUtil.java:320)
	at org.apache.catalina.security.SecurityUtil.doAsPrivilege(SecurityUtil.java:175)
	at org.apache.catalina.core.ApplicationFilterChain.internalDoFilter(ApplicationFilterChain.java:297)
	at org.apache.catalina.core.ApplicationFilterChain.access$000(ApplicationFilterChain.java:55)
	at org.apache.catalina.core.ApplicationFilterChain$1.run(ApplicationFilterChain.java:191)
	at org.apache.catalina.core.ApplicationFilterChain$1.run(ApplicationFilterChain.java:187)
	at java.security.AccessController.doPrivileged(Native Method)
	at org.apache.catalina.core.ApplicationFilterChain.doFilter(ApplicationFilterChain.java:186)
	at org.apache.tomcat.websocket.server.WsFilter.doFilter(WsFilter.java:52)
	at sun.reflect.GeneratedMethodAccessor134.invoke(Unknown Source)
	at sun.reflect.DelegatingMethodAccessorImpl.invoke(DelegatingMethodAccessorImpl.java:43)
	at java.lang.reflect.Method.invoke(Method.java:606)
	at org.apache.catalina.security.SecurityUtil$1.run(SecurityUtil.java:288)
	at org.apache.catalina.security.SecurityUtil$1.run(SecurityUtil.java:285)
	at java.security.AccessController.doPrivileged(Native Method)
	at javax.security.auth.Subject.doAsPrivileged(Subject.java:536)
	at org.apache.catalina.security.SecurityUtil.execute(SecurityUtil.java:320)
	at org.apache.catalina.security.SecurityUtil.doAsPrivilege(SecurityUtil.java:260)
	at org.apache.catalina.core.ApplicationFilterChain.internalDoFilter(ApplicationFilterChain.java:237)
	at org.apache.catalina.core.ApplicationFilterChain.access$000(ApplicationFilterChain.java:55)
	at org.apache.catalina.core.ApplicationFilterChain$1.run(ApplicationFilterChain.java:191)
	at org.apache.catalina.core.ApplicationFilterChain$1.run(ApplicationFilterChain.java:187)
	at java.security.AccessController.doPrivileged(Native Method)
	at org.apache.catalina.core.ApplicationFilterChain.doFilter(ApplicationFilterChain.java:186)
	at org.springframework.security.web.FilterChainProxy$VirtualFilterChain.doFilter(FilterChainProxy.java:330)
	at org.springframework.security.web.access.intercept.FilterSecurityInterceptor.invoke(FilterSecurityInterceptor.java:118)
	at org.springframework.security.web.access.intercept.FilterSecurityInterceptor.doFilter(FilterSecurityInterceptor.java:84)
	at org.springframework.security.web.FilterChainProxy$VirtualFilterChain.doFilter(FilterChainProxy.java:342)
	at org.springframework.security.web.access.ExceptionTranslationFilter.doFilter(ExceptionTranslationFilter.java:113)
	at org.springframework.security.web.FilterChainProxy$VirtualFilterChain.doFilter(FilterChainProxy.java:342)
	at org.springframework.security.web.session.SessionManagementFilter.doFilter(SessionManagementFilter.java:103)
	at org.springframework.security.web.FilterChainProxy$VirtualFilterChain.doFilter(FilterChainProxy.java:342)
	at org.springframework.security.web.authentication.AnonymousAuthenticationFilter.doFilter(AnonymousAuthenticationFilter.java:113)
	at org.springframework.security.web.FilterChainProxy$VirtualFilterChain.doFilter(FilterChainProxy.java:342)
	at org.springframework.security.web.servletapi.SecurityContextHolderAwareRequestFilter.doFilter(SecurityContextHolderAwareRequestFilter.java:54)
	at org.springframework.security.web.FilterChainProxy$VirtualFilterChain.doFilter(FilterChainProxy.java:342)
	at org.springframework.security.web.savedrequest.RequestCacheAwareFilter.doFilter(RequestCacheAwareFilter.java:45)
	at org.springframework.security.web.FilterChainProxy$VirtualFilterChain.doFilter(FilterChainProxy.java:342)
	at org.springframework.security.web.FilterChainProxy.doFilterInternal(FilterChainProxy.java:186)
	at org.springframework.security.web.FilterChainProxy.doFilter(FilterChainProxy.java:166)
	at org.springframework.security.web.FilterChainProxy$VirtualFilterChain.doFilter(FilterChainProxy.java:342)
	at org.springframework.security.web.context.SecurityContextPersistenceFilter.doFilter(SecurityContextPersistenceFilter.java:87)
	at org.springframework.security.web.FilterChainProxy$VirtualFilterChain.doFilter(FilterChainProxy.java:342)
	at org.springframework.security.saml.metadata.MetadataGeneratorFilter.doFilter(MetadataGeneratorFilter.java:87)
	at org.springframework.security.web.FilterChainProxy$VirtualFilterChain.doFilter(FilterChainProxy.java:342)
	at org.springframework.security.web.FilterChainProxy.doFilterInternal(FilterChainProxy.java:192)
	at org.springframework.security.web.FilterChainProxy.doFilter(FilterChainProxy.java:160)
	at org.springframework.web.filter.DelegatingFilterProxy.invokeDelegate(DelegatingFilterProxy.java:346)
	at org.springframework.web.filter.DelegatingFilterProxy.doFilter(DelegatingFilterProxy.java:262)
	at sun.reflect.GeneratedMethodAccessor134.invoke(Unknown Source)
	at sun.reflect.DelegatingMethodAccessorImpl.invoke(DelegatingMethodAccessorImpl.java:43)
	at java.lang.reflect.Method.invoke(Method.java:606)
	at org.apache.catalina.security.SecurityUtil$1.run(SecurityUtil.java:288)
	at org.apache.catalina.security.SecurityUtil$1.run(SecurityUtil.java:285)
	at java.security.AccessController.doPrivileged(Native Method)
	at javax.security.auth.Subject.doAsPrivileged(Subject.java:536)
	at org.apache.catalina.security.SecurityUtil.execute(SecurityUtil.java:320)
	at org.apache.catalina.security.SecurityUtil.doAsPrivilege(SecurityUtil.java:260)
	at org.apache.catalina.core.ApplicationFilterChain.internalDoFilter(ApplicationFilterChain.java:237)
	at org.apache.catalina.core.ApplicationFilterChain.access$000(ApplicationFilterChain.java:55)
	at org.apache.catalina.core.ApplicationFilterChain$1.run(ApplicationFilterChain.java:191)
	at org.apache.catalina.core.ApplicationFilterChain$1.run(ApplicationFilterChain.java:187)
	at java.security.AccessController.doPrivileged(Native Method)
	at org.apache.catalina.core.ApplicationFilterChain.doFilter(ApplicationFilterChain.java:186)
	at org.apache.catalina.core.StandardWrapperValve.invoke(StandardWrapperValve.java:220)
	at org.apache.catalina.core.StandardContextValve.invoke(StandardContextValve.java:122)
	at org.apache.tomee.catalina.OpenEJBValve.invoke(OpenEJBValve.java:44)
	at org.apache.catalina.authenticator.AuthenticatorBase.invoke(AuthenticatorBase.java:505)
	at org.apache.catalina.core.StandardHostValve.invoke(StandardHostValve.java:169)
	at org.apache.catalina.valves.ErrorReportValve.invoke(ErrorReportValve.java:103)
	at org.apache.catalina.valves.AccessLogValve.invoke(AccessLogValve.java:956)
	at org.apache.catalina.core.StandardEngineValve.invoke(StandardEngineValve.java:116)
	at org.apache.catalina.connector.CoyoteAdapter.service(CoyoteAdapter.java:436)
	at org.apache.coyote.http11.AbstractHttp11Processor.process(AbstractHttp11Processor.java:1078)
	at org.apache.coyote.AbstractProtocol$AbstractConnectionHandler.process(AbstractProtocol.java:625)
	at org.apache.tomcat.util.net.JIoEndpoint$SocketProcessor.run(JIoEndpoint.java:318)
	at java.util.concurrent.ThreadPoolExecutor.runWorker(ThreadPoolExecutor.java:1145)
	at java.util.concurrent.ThreadPoolExecutor$Worker.run(ThreadPoolExecutor.java:615)
	at org.apache.tomcat.util.threads.TaskThread$WrappingRunnable.run(TaskThread.java:61)
	at java.lang.Thread.run(Thread.java:745)

mar 20, 2017 10:46:16 PM org.apache.catalina.core.ApplicationContext log
INFORMACIÓN: Destroying Spring FrameworkServlet 'saml'
mar 20, 2017 10:46:16 PM org.apache.catalina.core.ApplicationContext log
INFORMACIÓN: Closing Spring root WebApplicationContext
mar 20, 2017 10:46:21 PM org.apache.catalina.core.ApplicationContext log
INFORMACIÓN: No Spring WebApplicationInitializer types detected on classpath
mar 20, 2017 10:46:21 PM org.apache.catalina.core.ApplicationContext log
INFORMACIÓN: Initializing Spring root WebApplicationContext
mar 20, 2017 10:46:28 PM org.apache.catalina.core.ApplicationContext log
INFORMACIÓN: Initializing Spring FrameworkServlet 'saml'
mar 20, 2017 10:46:44 PM org.apache.catalina.core.StandardWrapperValve invoke
GRAVE: Servlet.service() para servlet zkLoader lanzó excepción
org.zkoss.zk.ui.UiException: Sourced file: inline evaluation of: ``void find ( Treechildren treechildren, String target) 			{ 				String page; 				 . . . '' : Class: es.caib.bpm.ui.tree.ApplicationTreecell not found in namespace : at Line: 18 : in file: inline evaluation of: ``void find ( Treechildren treechildren, String target) 			{ 				String page; 				 . . . '' : es .caib .bpm .ui .tree .ApplicationTreecell 

	at sun.reflect.NativeConstructorAccessorImpl.newInstance0(Native Method)
	at sun.reflect.NativeConstructorAccessorImpl.newInstance(NativeConstructorAccessorImpl.java:57)
	at sun.reflect.DelegatingConstructorAccessorImpl.newInstance(DelegatingConstructorAccessorImpl.java:45)
	at java.lang.reflect.Constructor.newInstance(Constructor.java:526)
	at org.zkoss.lang.Classes.newInstance(Classes.java:78)
	at org.zkoss.lang.Exceptions.wrap(Exceptions.java:164)
	at org.zkoss.zk.ui.UiException$Aide.wrap(UiException.java:46)
	at org.zkoss.zk.scripting.bsh.BSHInterpreter.exec(BSHInterpreter.java:103)
	at org.zkoss.zk.scripting.util.GenericInterpreter.interpret(GenericInterpreter.java:292)
	at org.zkoss.zk.ui.impl.PageImpl.interpret(PageImpl.java:866)
	at org.zkoss.zk.ui.impl.UiEngineImpl.execNonComponent(UiEngineImpl.java:608)
	at org.zkoss.zk.ui.impl.UiEngineImpl.execCreate0(UiEngineImpl.java:503)
	at org.zkoss.zk.ui.impl.UiEngineImpl.execCreate(UiEngineImpl.java:465)
	at org.zkoss.zk.ui.impl.UiEngineImpl.execCreateChild0(UiEngineImpl.java:546)
	at org.zkoss.zk.ui.impl.UiEngineImpl.execCreateChild(UiEngineImpl.java:520)
	at org.zkoss.zk.ui.impl.UiEngineImpl.execCreate0(UiEngineImpl.java:481)
	at org.zkoss.zk.ui.impl.UiEngineImpl.execCreate(UiEngineImpl.java:465)
	at org.zkoss.zk.ui.impl.UiEngineImpl.execNewPage0(UiEngineImpl.java:359)
	at org.zkoss.zk.ui.impl.UiEngineImpl.execNewPage(UiEngineImpl.java:292)
	at org.zkoss.zk.ui.http.DHtmlLayoutServlet.process(DHtmlLayoutServlet.java:230)
	at org.zkoss.zk.ui.http.DHtmlLayoutServlet.doGet(DHtmlLayoutServlet.java:167)
	at javax.servlet.http.HttpServlet.service(HttpServlet.java:624)
	at javax.servlet.http.HttpServlet.service(HttpServlet.java:731)
	at sun.reflect.GeneratedMethodAccessor136.invoke(Unknown Source)
	at sun.reflect.DelegatingMethodAccessorImpl.invoke(DelegatingMethodAccessorImpl.java:43)
	at java.lang.reflect.Method.invoke(Method.java:606)
	at org.apache.catalina.security.SecurityUtil$1.run(SecurityUtil.java:288)
	at org.apache.catalina.security.SecurityUtil$1.run(SecurityUtil.java:285)
	at java.security.AccessController.doPrivileged(Native Method)
	at javax.security.auth.Subject.doAsPrivileged(Subject.java:536)
	at org.apache.catalina.security.SecurityUtil.execute(SecurityUtil.java:320)
	at org.apache.catalina.security.SecurityUtil.doAsPrivilege(SecurityUtil.java:175)
	at org.apache.catalina.core.ApplicationFilterChain.internalDoFilter(ApplicationFilterChain.java:297)
	at org.apache.catalina.core.ApplicationFilterChain.access$000(ApplicationFilterChain.java:55)
	at org.apache.catalina.core.ApplicationFilterChain$1.run(ApplicationFilterChain.java:191)
	at org.apache.catalina.core.ApplicationFilterChain$1.run(ApplicationFilterChain.java:187)
	at java.security.AccessController.doPrivileged(Native Method)
	at org.apache.catalina.core.ApplicationFilterChain.doFilter(ApplicationFilterChain.java:186)
	at org.apache.tomcat.websocket.server.WsFilter.doFilter(WsFilter.java:52)
	at sun.reflect.GeneratedMethodAccessor134.invoke(Unknown Source)
	at sun.reflect.DelegatingMethodAccessorImpl.invoke(DelegatingMethodAccessorImpl.java:43)
	at java.lang.reflect.Method.invoke(Method.java:606)
	at org.apache.catalina.security.SecurityUtil$1.run(SecurityUtil.java:288)
	at org.apache.catalina.security.SecurityUtil$1.run(SecurityUtil.java:285)
	at java.security.AccessController.doPrivileged(Native Method)
	at javax.security.auth.Subject.doAsPrivileged(Subject.java:536)
	at org.apache.catalina.security.SecurityUtil.execute(SecurityUtil.java:320)
	at org.apache.catalina.security.SecurityUtil.doAsPrivilege(SecurityUtil.java:260)
	at org.apache.catalina.core.ApplicationFilterChain.internalDoFilter(ApplicationFilterChain.java:237)
	at org.apache.catalina.core.ApplicationFilterChain.access$000(ApplicationFilterChain.java:55)
	at org.apache.catalina.core.ApplicationFilterChain$1.run(ApplicationFilterChain.java:191)
	at org.apache.catalina.core.ApplicationFilterChain$1.run(ApplicationFilterChain.java:187)
	at java.security.AccessController.doPrivileged(Native Method)
	at org.apache.catalina.core.ApplicationFilterChain.doFilter(ApplicationFilterChain.java:186)
	at org.springframework.security.web.FilterChainProxy$VirtualFilterChain.doFilter(FilterChainProxy.java:330)
	at org.springframework.security.web.access.intercept.FilterSecurityInterceptor.invoke(FilterSecurityInterceptor.java:118)
	at org.springframework.security.web.access.intercept.FilterSecurityInterceptor.doFilter(FilterSecurityInterceptor.java:84)
	at org.springframework.security.web.FilterChainProxy$VirtualFilterChain.doFilter(FilterChainProxy.java:342)
	at org.springframework.security.web.access.ExceptionTranslationFilter.doFilter(ExceptionTranslationFilter.java:113)
	at org.springframework.security.web.FilterChainProxy$VirtualFilterChain.doFilter(FilterChainProxy.java:342)
	at org.springframework.security.web.session.SessionManagementFilter.doFilter(SessionManagementFilter.java:103)
	at org.springframework.security.web.FilterChainProxy$VirtualFilterChain.doFilter(FilterChainProxy.java:342)
	at org.springframework.security.web.authentication.AnonymousAuthenticationFilter.doFilter(AnonymousAuthenticationFilter.java:113)
	at org.springframework.security.web.FilterChainProxy$VirtualFilterChain.doFilter(FilterChainProxy.java:342)
	at org.springframework.security.web.servletapi.SecurityContextHolderAwareRequestFilter.doFilter(SecurityContextHolderAwareRequestFilter.java:54)
	at org.springframework.security.web.FilterChainProxy$VirtualFilterChain.doFilter(FilterChainProxy.java:342)
	at org.springframework.security.web.savedrequest.RequestCacheAwareFilter.doFilter(RequestCacheAwareFilter.java:45)
	at org.springframework.security.web.FilterChainProxy$VirtualFilterChain.doFilter(FilterChainProxy.java:342)
	at org.springframework.security.web.FilterChainProxy.doFilterInternal(FilterChainProxy.java:186)
	at org.springframework.security.web.FilterChainProxy.doFilter(FilterChainProxy.java:166)
	at org.springframework.security.web.FilterChainProxy$VirtualFilterChain.doFilter(FilterChainProxy.java:342)
	at org.springframework.security.web.context.SecurityContextPersistenceFilter.doFilter(SecurityContextPersistenceFilter.java:87)
	at org.springframework.security.web.FilterChainProxy$VirtualFilterChain.doFilter(FilterChainProxy.java:342)
	at org.springframework.security.saml.metadata.MetadataGeneratorFilter.doFilter(MetadataGeneratorFilter.java:87)
	at org.springframework.security.web.FilterChainProxy$VirtualFilterChain.doFilter(FilterChainProxy.java:342)
	at org.springframework.security.web.FilterChainProxy.doFilterInternal(FilterChainProxy.java:192)
	at org.springframework.security.web.FilterChainProxy.doFilter(FilterChainProxy.java:160)
	at org.springframework.web.filter.DelegatingFilterProxy.invokeDelegate(DelegatingFilterProxy.java:346)
	at org.springframework.web.filter.DelegatingFilterProxy.doFilter(DelegatingFilterProxy.java:262)
	at sun.reflect.GeneratedMethodAccessor134.invoke(Unknown Source)
	at sun.reflect.DelegatingMethodAccessorImpl.invoke(DelegatingMethodAccessorImpl.java:43)
	at java.lang.reflect.Method.invoke(Method.java:606)
	at org.apache.catalina.security.SecurityUtil$1.run(SecurityUtil.java:288)
	at org.apache.catalina.security.SecurityUtil$1.run(SecurityUtil.java:285)
	at java.security.AccessController.doPrivileged(Native Method)
	at javax.security.auth.Subject.doAsPrivileged(Subject.java:536)
	at org.apache.catalina.security.SecurityUtil.execute(SecurityUtil.java:320)
	at org.apache.catalina.security.SecurityUtil.doAsPrivilege(SecurityUtil.java:260)
	at org.apache.catalina.core.ApplicationFilterChain.internalDoFilter(ApplicationFilterChain.java:237)
	at org.apache.catalina.core.ApplicationFilterChain.access$000(ApplicationFilterChain.java:55)
	at org.apache.catalina.core.ApplicationFilterChain$1.run(ApplicationFilterChain.java:191)
	at org.apache.catalina.core.ApplicationFilterChain$1.run(ApplicationFilterChain.java:187)
	at java.security.AccessController.doPrivileged(Native Method)
	at org.apache.catalina.core.ApplicationFilterChain.doFilter(ApplicationFilterChain.java:186)
	at org.apache.catalina.core.StandardWrapperValve.invoke(StandardWrapperValve.java:220)
	at org.apache.catalina.core.StandardContextValve.invoke(StandardContextValve.java:122)
	at org.apache.tomee.catalina.OpenEJBValve.invoke(OpenEJBValve.java:44)
	at org.apache.catalina.authenticator.AuthenticatorBase.invoke(AuthenticatorBase.java:505)
	at org.apache.catalina.core.StandardHostValve.invoke(StandardHostValve.java:169)
	at org.apache.catalina.valves.ErrorReportValve.invoke(ErrorReportValve.java:103)
	at org.apache.catalina.valves.AccessLogValve.invoke(AccessLogValve.java:956)
	at org.apache.catalina.core.StandardEngineValve.invoke(StandardEngineValve.java:116)
	at org.apache.catalina.connector.CoyoteAdapter.service(CoyoteAdapter.java:436)
	at org.apache.coyote.http11.AbstractHttp11Processor.process(AbstractHttp11Processor.java:1078)
	at org.apache.coyote.AbstractProtocol$AbstractConnectionHandler.process(AbstractProtocol.java:625)
	at org.apache.tomcat.util.net.JIoEndpoint$SocketProcessor.run(JIoEndpoint.java:318)
	at java.util.concurrent.ThreadPoolExecutor.runWorker(ThreadPoolExecutor.java:1145)
	at java.util.concurrent.ThreadPoolExecutor$Worker.run(ThreadPoolExecutor.java:615)
	at org.apache.tomcat.util.threads.TaskThread$WrappingRunnable.run(TaskThread.java:61)
	at java.lang.Thread.run(Thread.java:745)
Caused by: Sourced file: inline evaluation of: ``void find ( Treechildren treechildren, String target) 			{ 				String page; 				 . . . '' : Class: es.caib.bpm.ui.tree.ApplicationTreecell not found in namespace : at Line: 18 : in file: inline evaluation of: ``void find ( Treechildren treechildren, String target) 			{ 				String page; 				 . . . '' : es .caib .bpm .ui .tree .ApplicationTreecell 

	at bsh.BSHAmbiguousName.toClass(Unknown Source)
	at bsh.BSHType.getType(Unknown Source)
	at bsh.BSHBinaryExpression.eval(Unknown Source)
	at bsh.BSHIfStatement.evaluateCondition(Unknown Source)
	at bsh.BSHIfStatement.eval(Unknown Source)
	at bsh.BSHBlock.evalBlock(Unknown Source)
	at bsh.BSHBlock.eval(Unknown Source)
	at bsh.BSHBlock.eval(Unknown Source)
	at bsh.BSHForStatement.eval(Unknown Source)
	at bsh.BSHBlock.evalBlock(Unknown Source)
	at bsh.BSHBlock.eval(Unknown Source)
	at bsh.BSHBlock.eval(Unknown Source)
	at bsh.BSHForStatement.eval(Unknown Source)
	at bsh.BSHBlock.evalBlock(Unknown Source)
	at bsh.BSHBlock.eval(Unknown Source)
	at bsh.BshMethod.invokeImpl(Unknown Source)
	at bsh.BshMethod.invoke(Unknown Source)
	at bsh.BshMethod.invoke(Unknown Source)
	at bsh.Name.invokeLocalMethod(Unknown Source)
	at bsh.Name.invokeMethod(Unknown Source)
	at bsh.BSHMethodInvocation.eval(Unknown Source)
	at bsh.BSHPrimaryExpression.eval(Unknown Source)
	at bsh.BSHPrimaryExpression.eval(Unknown Source)
	at bsh.BSHBlock.evalBlock(Unknown Source)
	at bsh.BSHBlock.eval(Unknown Source)
	at bsh.BSHBlock.eval(Unknown Source)
	at bsh.BSHIfStatement.eval(Unknown Source)
	at bsh.Interpreter.eval(Unknown Source)
	at bsh.Interpreter.eval(Unknown Source)
	at org.zkoss.zk.scripting.bsh.BSHInterpreter.exec(BSHInterpreter.java:100)
	... 102 more

mar 20, 2017 10:48:48 PM org.apache.catalina.core.ApplicationContext log
INFORMACIÓN: Destroying Spring FrameworkServlet 'saml'
mar 20, 2017 10:48:48 PM org.apache.catalina.core.ApplicationContext log
INFORMACIÓN: Closing Spring root WebApplicationContext
mar 20, 2017 10:48:53 PM org.apache.catalina.core.ApplicationContext log
INFORMACIÓN: No Spring WebApplicationInitializer types detected on classpath
mar 20, 2017 10:48:53 PM org.apache.catalina.core.ApplicationContext log
INFORMACIÓN: Initializing Spring root WebApplicationContext
mar 20, 2017 10:49:00 PM org.apache.catalina.core.ApplicationContext log
INFORMACIÓN: Initializing Spring FrameworkServlet 'saml'
mar 20, 2017 10:50:47 PM org.apache.catalina.core.ApplicationContext log
INFORMACIÓN: Destroying Spring FrameworkServlet 'saml'
mar 20, 2017 10:50:47 PM org.apache.catalina.core.ApplicationContext log
INFORMACIÓN: Closing Spring root WebApplicationContext
